{"/Users/ManelisiM/Documents/My Projects/React-Native/auction-market-app/eslint.config.js": {"path":"/Users/ManelisiM/Documents/My Projects/React-Native/auction-market-app/eslint.config.js","statementMap":{"0":{"start":{"line":2,"column":25},"end":{"line":2,"column":49}},"1":{"start":{"line":3,"column":19},"end":{"line":3,"column":53}},"2":{"start":{"line":5,"column":0},"end":{"line":10,"column":3}}},"fnMap":{},"branchMap":{},"s":{"0":0,"1":0,"2":0},"f":{},"b":{}}
,"/Users/ManelisiM/Documents/My Projects/React-Native/auction-market-app/expo-env.d.ts": {"path":"/Users/ManelisiM/Documents/My Projects/React-Native/auction-market-app/expo-env.d.ts","statementMap":{},"fnMap":{},"branchMap":{},"s":{},"f":{},"b":{}}
,"/Users/ManelisiM/Documents/My Projects/React-Native/auction-market-app/metro.config.js": {"path":"/Users/ManelisiM/Documents/My Projects/React-Native/auction-market-app/metro.config.js","statementMap":{"0":{"start":{"line":1,"column":32},"end":{"line":1,"column":69}},"1":{"start":{"line":3,"column":15},"end":{"line":3,"column":45}},"2":{"start":{"line":5,"column":0},"end":{"line":5,"column":24}}},"fnMap":{},"branchMap":{},"s":{"0":0,"1":0,"2":0},"f":{},"b":{}}
,"/Users/ManelisiM/Documents/My Projects/React-Native/auction-market-app/.expo/types/router.d.ts": {"path":"/Users/ManelisiM/Documents/My Projects/React-Native/auction-market-app/.expo/types/router.d.ts","statementMap":{},"fnMap":{},"branchMap":{},"s":{},"f":{},"b":{}}
,"/Users/ManelisiM/Documents/My Projects/React-Native/auction-market-app/app/+not-found.tsx": {"path":"/Users/ManelisiM/Documents/My Projects/React-Native/auction-market-app/app/+not-found.tsx","statementMap":{"0":{"start":{"line":8,"column":2},"end":{"line":18,"column":4}},"1":{"start":{"line":21,"column":15},"end":{"line":32,"column":2}}},"fnMap":{"0":{"name":"NotFoundScreen","decl":{"start":{"line":7,"column":24},"end":{"line":7,"column":38}},"loc":{"start":{"line":7,"column":41},"end":{"line":19,"column":1}},"line":7}},"branchMap":{},"s":{"0":0,"1":0},"f":{"0":0},"b":{}}
,"/Users/ManelisiM/Documents/My Projects/React-Native/auction-market-app/app/_layout.tsx": {"path":"/Users/ManelisiM/Documents/My Projects/React-Native/auction-market-app/app/_layout.tsx","statementMap":{"0":{"start":{"line":19,"column":0},"end":{"line":33,"column":3}},"1":{"start":{"line":36,"column":21},"end":{"line":36,"column":37}},"2":{"start":{"line":37,"column":18},"end":{"line":39,"column":3}},"3":{"start":{"line":41,"column":1},"end":{"line":43,"column":2}},"4":{"start":{"line":42,"column":2},"end":{"line":42,"column":14}},"5":{"start":{"line":45,"column":1},"end":{"line":114,"column":3}}},"fnMap":{"0":{"name":"RootLayout","decl":{"start":{"line":35,"column":36},"end":{"line":35,"column":46}},"loc":{"start":{"line":35,"column":49},"end":{"line":115,"column":1}},"line":35}},"branchMap":{"0":{"loc":{"start":{"line":41,"column":1},"end":{"line":43,"column":2}},"type":"if","locations":[{"start":{"line":41,"column":1},"end":{"line":43,"column":2}},{"start":{},"end":{}}],"line":41},"1":{"loc":{"start":{"line":50,"column":26},"end":{"line":50,"column":75}},"type":"cond-expr","locations":[{"start":{"line":50,"column":51},"end":{"line":50,"column":60}},{"start":{"line":50,"column":63},"end":{"line":50,"column":75}}],"line":50}},"s":{"0":0,"1":0,"2":0,"3":0,"4":0,"5":0},"f":{"0":0},"b":{"0":[0,0],"1":[0,0]}}
,"/Users/ManelisiM/Documents/My Projects/React-Native/auction-market-app/app/oauth-native-callback.tsx": {"path":"/Users/ManelisiM/Documents/My Projects/React-Native/auction-market-app/app/oauth-native-callback.tsx","statementMap":{"0":{"start":{"line":8,"column":16},"end":{"line":8,"column":27}},"1":{"start":{"line":10,"column":1},"end":{"line":21,"column":14}},"2":{"start":{"line":11,"column":22},"end":{"line":19,"column":3}},"3":{"start":{"line":12,"column":3},"end":{"line":17,"column":4}},"4":{"start":{"line":13,"column":4},"end":{"line":13,"column":35}},"5":{"start":{"line":16,"column":4},"end":{"line":16,"column":45}},"6":{"start":{"line":18,"column":3},"end":{"line":18,"column":23}},"7":{"start":{"line":20,"column":2},"end":{"line":20,"column":16}},"8":{"start":{"line":23,"column":1},"end":{"line":27,"column":3}},"9":{"start":{"line":30,"column":1},"end":{"line":30,"column":46}}},"fnMap":{"0":{"name":"OAuthNativeCallback","decl":{"start":{"line":7,"column":24},"end":{"line":7,"column":43}},"loc":{"start":{"line":7,"column":46},"end":{"line":28,"column":1}},"line":7},"1":{"name":"(anonymous_1)","decl":{"start":{"line":10,"column":11},"end":{"line":10,"column":12}},"loc":{"start":{"line":10,"column":17},"end":{"line":21,"column":2}},"line":10},"2":{"name":"(anonymous_2)","decl":{"start":{"line":11,"column":22},"end":{"line":11,"column":23}},"loc":{"start":{"line":11,"column":34},"end":{"line":19,"column":3}},"line":11},"3":{"name":"handleOpenAuthRedirect","decl":{"start":{"line":29,"column":9},"end":{"line":29,"column":31}},"loc":{"start":{"line":29,"column":34},"end":{"line":31,"column":1}},"line":29}},"branchMap":{},"s":{"0":0,"1":0,"2":0,"3":0,"4":0,"5":0,"6":0,"7":0,"8":0,"9":0},"f":{"0":0,"1":0,"2":0,"3":0},"b":{}}
,"/Users/ManelisiM/Documents/My Projects/React-Native/auction-market-app/app/(account)/_layout.tsx": {"path":"/Users/ManelisiM/Documents/My Projects/React-Native/auction-market-app/app/(account)/_layout.tsx","statementMap":{"0":{"start":{"line":3,"column":22},"end":{"line":19,"column":1}},"1":{"start":{"line":4,"column":1},"end":{"line":18,"column":3}}},"fnMap":{"0":{"name":"(anonymous_0)","decl":{"start":{"line":3,"column":22},"end":{"line":3,"column":23}},"loc":{"start":{"line":3,"column":28},"end":{"line":19,"column":1}},"line":3}},"branchMap":{},"s":{"0":0,"1":0},"f":{"0":0},"b":{}}
,"/Users/ManelisiM/Documents/My Projects/React-Native/auction-market-app/app/(account)/cart.tsx": {"path":"/Users/ManelisiM/Documents/My Projects/React-Native/auction-market-app/app/(account)/cart.tsx","statementMap":{"0":{"start":{"line":22,"column":23},"end":{"line":22,"column":30}},"1":{"start":{"line":24,"column":19},"end":{"line":216,"column":1}},"2":{"start":{"line":25,"column":18},"end":{"line":25,"column":27}},"3":{"start":{"line":26,"column":59},"end":{"line":26,"column":73}},"4":{"start":{"line":28,"column":39},"end":{"line":28,"column":63}},"5":{"start":{"line":29,"column":31},"end":{"line":29,"column":46}},"6":{"start":{"line":30,"column":37},"end":{"line":30,"column":66}},"7":{"start":{"line":31,"column":45},"end":{"line":31,"column":60}},"8":{"start":{"line":32,"column":33},"end":{"line":32,"column":61}},"9":{"start":{"line":33,"column":35},"end":{"line":33,"column":50}},"10":{"start":{"line":34,"column":39},"end":{"line":34,"column":74}},"11":{"start":{"line":35,"column":39},"end":{"line":35,"column":54}},"12":{"start":{"line":38,"column":1},"end":{"line":56,"column":32}},"13":{"start":{"line":39,"column":2},"end":{"line":39,"column":20}},"14":{"start":{"line":39,"column":13},"end":{"line":39,"column":20}},"15":{"start":{"line":40,"column":2},"end":{"line":40,"column":37}},"16":{"start":{"line":40,"column":30},"end":{"line":40,"column":37}},"17":{"start":{"line":41,"column":2},"end":{"line":41,"column":21}},"18":{"start":{"line":43,"column":12},"end":{"line":52,"column":62}},"19":{"start":{"line":45,"column":4},"end":{"line":50,"column":5}},"20":{"start":{"line":46,"column":5},"end":{"line":49,"column":7}},"21":{"start":{"line":52,"column":43},"end":{"line":52,"column":61}},"22":{"start":{"line":54,"column":2},"end":{"line":54,"column":17}},"23":{"start":{"line":55,"column":2},"end":{"line":55,"column":22}},"24":{"start":{"line":59,"column":1},"end":{"line":67,"column":28}},"25":{"start":{"line":60,"column":2},"end":{"line":60,"column":22}},"26":{"start":{"line":60,"column":15},"end":{"line":60,"column":22}},"27":{"start":{"line":61,"column":2},"end":{"line":64,"column":3}},"28":{"start":{"line":62,"column":3},"end":{"line":62,"column":20}},"29":{"start":{"line":63,"column":3},"end":{"line":63,"column":10}},"30":{"start":{"line":65,"column":16},"end":{"line":65,"column":69}},"31":{"start":{"line":65,"column":34},"end":{"line":65,"column":62}},"32":{"start":{"line":65,"column":56},"end":{"line":65,"column":61}},"33":{"start":{"line":66,"column":2},"end":{"line":66,"column":36}},"34":{"start":{"line":66,"column":15},"end":{"line":66,"column":35}},"35":{"start":{"line":69,"column":24},"end":{"line":73,"column":2}},"36":{"start":{"line":71,"column":2},"end":{"line":71,"column":26}},"37":{"start":{"line":71,"column":19},"end":{"line":71,"column":26}},"38":{"start":{"line":72,"column":2},"end":{"line":72,"column":23}},"39":{"start":{"line":75,"column":30},"end":{"line":86,"column":2}},"40":{"start":{"line":76,"column":2},"end":{"line":76,"column":24}},"41":{"start":{"line":77,"column":2},"end":{"line":77,"column":26}},"42":{"start":{"line":78,"column":2},"end":{"line":84,"column":3}},"43":{"start":{"line":80,"column":3},"end":{"line":80,"column":60}},"44":{"start":{"line":82,"column":3},"end":{"line":82,"column":81}},"45":{"start":{"line":83,"column":3},"end":{"line":83,"column":88}},"46":{"start":{"line":85,"column":2},"end":{"line":85,"column":27}},"47":{"start":{"line":88,"column":20},"end":{"line":94,"column":2}},"48":{"start":{"line":89,"column":12},"end":{"line":91,"column":20}},"49":{"start":{"line":92,"column":12},"end":{"line":92,"column":51}},"50":{"start":{"line":93,"column":2},"end":{"line":93,"column":21}},"51":{"start":{"line":96,"column":1},"end":{"line":215,"column":3}},"52":{"start":{"line":150,"column":9},"end":{"line":169,"column":28}},"53":{"start":{"line":155,"column":11},"end":{"line":155,"column":35}},"54":{"start":{"line":155,"column":28},"end":{"line":155,"column":35}},"55":{"start":{"line":156,"column":11},"end":{"line":156,"column":32}},"56":{"start":{"line":181,"column":26},"end":{"line":181,"column":46}},"57":{"start":{"line":186,"column":22},"end":{"line":186,"column":42}},"58":{"start":{"line":210,"column":20},"end":{"line":210,"column":41}},"59":{"start":{"line":218,"column":15},"end":{"line":391,"column":2}}},"fnMap":{"0":{"name":"(anonymous_0)","decl":{"start":{"line":24,"column":19},"end":{"line":24,"column":20}},"loc":{"start":{"line":24,"column":25},"end":{"line":216,"column":1}},"line":24},"1":{"name":"(anonymous_1)","decl":{"start":{"line":38,"column":11},"end":{"line":38,"column":12}},"loc":{"start":{"line":38,"column":17},"end":{"line":56,"column":2}},"line":38},"2":{"name":"(anonymous_2)","decl":{"start":{"line":44,"column":8},"end":{"line":44,"column":9}},"loc":{"start":{"line":44,"column":18},"end":{"line":51,"column":4}},"line":44},"3":{"name":"(anonymous_3)","decl":{"start":{"line":52,"column":11},"end":{"line":52,"column":12}},"loc":{"start":{"line":52,"column":43},"end":{"line":52,"column":61}},"line":52},"4":{"name":"(anonymous_4)","decl":{"start":{"line":59,"column":11},"end":{"line":59,"column":12}},"loc":{"start":{"line":59,"column":17},"end":{"line":67,"column":2}},"line":59},"5":{"name":"(anonymous_5)","decl":{"start":{"line":65,"column":28},"end":{"line":65,"column":29}},"loc":{"start":{"line":65,"column":34},"end":{"line":65,"column":62}},"line":65},"6":{"name":"(anonymous_6)","decl":{"start":{"line":65,"column":49},"end":{"line":65,"column":50}},"loc":{"start":{"line":65,"column":56},"end":{"line":65,"column":61}},"line":65},"7":{"name":"(anonymous_7)","decl":{"start":{"line":66,"column":9},"end":{"line":66,"column":10}},"loc":{"start":{"line":66,"column":15},"end":{"line":66,"column":35}},"line":66},"8":{"name":"(anonymous_8)","decl":{"start":{"line":69,"column":24},"end":{"line":69,"column":25}},"loc":{"start":{"line":69,"column":36},"end":{"line":73,"column":2}},"line":69},"9":{"name":"(anonymous_9)","decl":{"start":{"line":75,"column":30},"end":{"line":75,"column":31}},"loc":{"start":{"line":75,"column":42},"end":{"line":86,"column":2}},"line":75},"10":{"name":"(anonymous_10)","decl":{"start":{"line":88,"column":20},"end":{"line":88,"column":21}},"loc":{"start":{"line":88,"column":38},"end":{"line":94,"column":2}},"line":88},"11":{"name":"(anonymous_11)","decl":{"start":{"line":149,"column":22},"end":{"line":149,"column":23}},"loc":{"start":{"line":150,"column":9},"end":{"line":169,"column":28}},"line":150},"12":{"name":"(anonymous_12)","decl":{"start":{"line":153,"column":19},"end":{"line":153,"column":20}},"loc":{"start":{"line":153,"column":25},"end":{"line":157,"column":11}},"line":153},"13":{"name":"(anonymous_13)","decl":{"start":{"line":181,"column":20},"end":{"line":181,"column":21}},"loc":{"start":{"line":181,"column":26},"end":{"line":181,"column":46}},"line":181},"14":{"name":"(anonymous_14)","decl":{"start":{"line":186,"column":16},"end":{"line":186,"column":17}},"loc":{"start":{"line":186,"column":22},"end":{"line":186,"column":42}},"line":186},"15":{"name":"(anonymous_15)","decl":{"start":{"line":210,"column":14},"end":{"line":210,"column":15}},"loc":{"start":{"line":210,"column":20},"end":{"line":210,"column":41}},"line":210}},"branchMap":{"0":{"loc":{"start":{"line":39,"column":2},"end":{"line":39,"column":20}},"type":"if","locations":[{"start":{"line":39,"column":2},"end":{"line":39,"column":20}},{"start":{},"end":{}}],"line":39},"1":{"loc":{"start":{"line":40,"column":2},"end":{"line":40,"column":37}},"type":"if","locations":[{"start":{"line":40,"column":2},"end":{"line":40,"column":37}},{"start":{},"end":{}}],"line":40},"2":{"loc":{"start":{"line":40,"column":6},"end":{"line":40,"column":28}},"type":"binary-expr","locations":[{"start":{"line":40,"column":6},"end":{"line":40,"column":12}},{"start":{"line":40,"column":16},"end":{"line":40,"column":28}}],"line":40},"3":{"loc":{"start":{"line":45,"column":4},"end":{"line":50,"column":5}},"type":"if","locations":[{"start":{"line":45,"column":4},"end":{"line":50,"column":5}},{"start":{},"end":{}}],"line":45},"4":{"loc":{"start":{"line":60,"column":2},"end":{"line":60,"column":22}},"type":"if","locations":[{"start":{"line":60,"column":2},"end":{"line":60,"column":22}},{"start":{},"end":{}}],"line":60},"5":{"loc":{"start":{"line":61,"column":2},"end":{"line":64,"column":3}},"type":"if","locations":[{"start":{"line":61,"column":2},"end":{"line":64,"column":3}},{"start":{},"end":{}}],"line":61},"6":{"loc":{"start":{"line":71,"column":2},"end":{"line":71,"column":26}},"type":"if","locations":[{"start":{"line":71,"column":2},"end":{"line":71,"column":26}},{"start":{},"end":{}}],"line":71},"7":{"loc":{"start":{"line":82,"column":17},"end":{"line":82,"column":79}},"type":"binary-expr","locations":[{"start":{"line":82,"column":17},"end":{"line":82,"column":27}},{"start":{"line":82,"column":31},"end":{"line":82,"column":79}}],"line":82},"8":{"loc":{"start":{"line":83,"column":24},"end":{"line":83,"column":86}},"type":"binary-expr","locations":[{"start":{"line":83,"column":24},"end":{"line":83,"column":34}},{"start":{"line":83,"column":38},"end":{"line":83,"column":86}}],"line":83},"9":{"loc":{"start":{"line":100,"column":5},"end":{"line":174,"column":5}},"type":"cond-expr","locations":[{"start":{"line":101,"column":5},"end":{"line":110,"column":12}},{"start":{"line":112,"column":5},"end":{"line":173,"column":8}}],"line":100},"10":{"loc":{"start":{"line":107,"column":7},"end":{"line":109,"column":7}},"type":"binary-expr","locations":[{"start":{"line":107,"column":7},"end":{"line":107,"column":17}},{"start":{"line":108,"column":7},"end":{"line":108,"column":69}}],"line":107},"11":{"loc":{"start":{"line":122,"column":8},"end":{"line":122,"column":69}},"type":"binary-expr","locations":[{"start":{"line":122,"column":9},"end":{"line":122,"column":30}},{"start":{"line":122,"column":34},"end":{"line":122,"column":48}},{"start":{"line":122,"column":53},"end":{"line":122,"column":69}}],"line":122},"12":{"loc":{"start":{"line":125,"column":17},"end":{"line":125,"column":56}},"type":"binary-expr","locations":[{"start":{"line":125,"column":17},"end":{"line":125,"column":38}},{"start":{"line":125,"column":42},"end":{"line":125,"column":56}}],"line":125},"13":{"loc":{"start":{"line":127,"column":9},"end":{"line":127,"column":55}},"type":"cond-expr","locations":[{"start":{"line":127,"column":26},"end":{"line":127,"column":42}},{"start":{"line":127,"column":45},"end":{"line":127,"column":55}}],"line":127},"14":{"loc":{"start":{"line":130,"column":7},"end":{"line":136,"column":7}},"type":"binary-expr","locations":[{"start":{"line":130,"column":8},"end":{"line":130,"column":17}},{"start":{"line":130,"column":21},"end":{"line":130,"column":35}},{"start":{"line":131,"column":7},"end":{"line":135,"column":9}}],"line":130},"15":{"loc":{"start":{"line":137,"column":7},"end":{"line":172,"column":7}},"type":"cond-expr","locations":[{"start":{"line":138,"column":7},"end":{"line":140,"column":20}},{"start":{"line":142,"column":7},"end":{"line":171,"column":14}}],"line":137},"16":{"loc":{"start":{"line":137,"column":7},"end":{"line":137,"column":61}},"type":"binary-expr","locations":[{"start":{"line":137,"column":7},"end":{"line":137,"column":28}},{"start":{"line":137,"column":32},"end":{"line":137,"column":42}},{"start":{"line":137,"column":46},"end":{"line":137,"column":61}}],"line":137},"17":{"loc":{"start":{"line":155,"column":11},"end":{"line":155,"column":35}},"type":"if","locations":[{"start":{"line":155,"column":11},"end":{"line":155,"column":35}},{"start":{},"end":{}}],"line":155},"18":{"loc":{"start":{"line":189,"column":7},"end":{"line":200,"column":7}},"type":"binary-expr","locations":[{"start":{"line":189,"column":7},"end":{"line":189,"column":18}},{"start":{"line":190,"column":7},"end":{"line":199,"column":10}}],"line":189}},"s":{"0":0,"1":0,"2":0,"3":0,"4":0,"5":0,"6":0,"7":0,"8":0,"9":0,"10":0,"11":0,"12":0,"13":0,"14":0,"15":0,"16":0,"17":0,"18":0,"19":0,"20":0,"21":0,"22":0,"23":0,"24":0,"25":0,"26":0,"27":0,"28":0,"29":0,"30":0,"31":0,"32":0,"33":0,"34":0,"35":0,"36":0,"37":0,"38":0,"39":0,"40":0,"41":0,"42":0,"43":0,"44":0,"45":0,"46":0,"47":0,"48":0,"49":0,"50":0,"51":0,"52":0,"53":0,"54":0,"55":0,"56":0,"57":0,"58":0,"59":0},"f":{"0":0,"1":0,"2":0,"3":0,"4":0,"5":0,"6":0,"7":0,"8":0,"9":0,"10":0,"11":0,"12":0,"13":0,"14":0,"15":0},"b":{"0":[0,0],"1":[0,0],"2":[0,0],"3":[0,0],"4":[0,0],"5":[0,0],"6":[0,0],"7":[0,0],"8":[0,0],"9":[0,0],"10":[0,0],"11":[0,0,0],"12":[0,0],"13":[0,0],"14":[0,0,0],"15":[0,0],"16":[0,0,0],"17":[0,0],"18":[0,0]}}
,"/Users/ManelisiM/Documents/My Projects/React-Native/auction-market-app/app/(account)/notifications.tsx": {"path":"/Users/ManelisiM/Documents/My Projects/React-Native/auction-market-app/app/(account)/notifications.tsx","statementMap":{"0":{"start":{"line":18,"column":17},"end":{"line":24,"column":1}},"1":{"start":{"line":27,"column":31},"end":{"line":27,"column":46}},"2":{"start":{"line":34,"column":5},"end":{"line":34,"column":24}},"3":{"start":{"line":36,"column":20},"end":{"line":38,"column":2}},"4":{"start":{"line":37,"column":2},"end":{"line":37,"column":23}},"5":{"start":{"line":40,"column":13},"end":{"line":40,"column":23}},"6":{"start":{"line":41,"column":31},"end":{"line":46,"column":3}},"7":{"start":{"line":42,"column":18},"end":{"line":42,"column":69}},"8":{"start":{"line":43,"column":16},"end":{"line":43,"column":55}},"9":{"start":{"line":44,"column":16},"end":{"line":44,"column":22}},"10":{"start":{"line":45,"column":2},"end":{"line":45,"column":33}},"11":{"start":{"line":48,"column":1},"end":{"line":155,"column":3}},"12":{"start":{"line":106,"column":31},"end":{"line":106,"column":38}},"13":{"start":{"line":108,"column":8},"end":{"line":147,"column":15}},"14":{"start":{"line":141,"column":26},"end":{"line":141,"column":45}},"15":{"start":{"line":158,"column":15},"end":{"line":295,"column":2}}},"fnMap":{"0":{"name":"NotificationsScreen","decl":{"start":{"line":26,"column":24},"end":{"line":26,"column":43}},"loc":{"start":{"line":26,"column":46},"end":{"line":156,"column":1}},"line":26},"1":{"name":"(anonymous_1)","decl":{"start":{"line":36,"column":20},"end":{"line":36,"column":21}},"loc":{"start":{"line":36,"column":36},"end":{"line":38,"column":2}},"line":36},"2":{"name":"(anonymous_2)","decl":{"start":{"line":41,"column":52},"end":{"line":41,"column":53}},"loc":{"start":{"line":41,"column":59},"end":{"line":46,"column":2}},"line":41},"3":{"name":"(anonymous_3)","decl":{"start":{"line":106,"column":21},"end":{"line":106,"column":22}},"loc":{"start":{"line":106,"column":31},"end":{"line":106,"column":38}},"line":106},"4":{"name":"(anonymous_4)","decl":{"start":{"line":107,"column":19},"end":{"line":107,"column":20}},"loc":{"start":{"line":108,"column":8},"end":{"line":147,"column":15}},"line":108},"5":{"name":"(anonymous_5)","decl":{"start":{"line":141,"column":20},"end":{"line":141,"column":21}},"loc":{"start":{"line":141,"column":26},"end":{"line":141,"column":45}},"line":141}},"branchMap":{"0":{"loc":{"start":{"line":42,"column":18},"end":{"line":42,"column":69}},"type":"cond-expr","locations":[{"start":{"line":42,"column":33},"end":{"line":42,"column":65}},{"start":{"line":42,"column":68},"end":{"line":42,"column":69}}],"line":42},"1":{"loc":{"start":{"line":43,"column":16},"end":{"line":43,"column":55}},"type":"binary-expr","locations":[{"start":{"line":43,"column":16},"end":{"line":43,"column":22}},{"start":{"line":43,"column":26},"end":{"line":43,"column":55}}],"line":43},"2":{"loc":{"start":{"line":45,"column":9},"end":{"line":45,"column":32}},"type":"cond-expr","locations":[{"start":{"line":45,"column":19},"end":{"line":45,"column":24}},{"start":{"line":45,"column":27},"end":{"line":45,"column":32}}],"line":45},"3":{"loc":{"start":{"line":67,"column":9},"end":{"line":67,"column":42}},"type":"cond-expr","locations":[{"start":{"line":67,"column":19},"end":{"line":67,"column":29}},{"start":{"line":67,"column":32},"end":{"line":67,"column":42}}],"line":67},"4":{"loc":{"start":{"line":79,"column":5},"end":{"line":86,"column":5}},"type":"binary-expr","locations":[{"start":{"line":79,"column":5},"end":{"line":79,"column":23}},{"start":{"line":80,"column":5},"end":{"line":85,"column":13}}],"line":79},"5":{"loc":{"start":{"line":88,"column":6},"end":{"line":94,"column":6}},"type":"binary-expr","locations":[{"start":{"line":88,"column":6},"end":{"line":88,"column":26}},{"start":{"line":89,"column":6},"end":{"line":93,"column":8}}],"line":88},"6":{"loc":{"start":{"line":95,"column":6},"end":{"line":102,"column":6}},"type":"binary-expr","locations":[{"start":{"line":95,"column":6},"end":{"line":95,"column":27}},{"start":{"line":95,"column":31},"end":{"line":95,"column":65}},{"start":{"line":96,"column":6},"end":{"line":101,"column":13}}],"line":95},"7":{"loc":{"start":{"line":103,"column":6},"end":{"line":151,"column":6}},"type":"binary-expr","locations":[{"start":{"line":103,"column":6},"end":{"line":103,"column":27}},{"start":{"line":103,"column":31},"end":{"line":103,"column":63}},{"start":{"line":104,"column":6},"end":{"line":150,"column":8}}],"line":103},"8":{"loc":{"start":{"line":111,"column":10},"end":{"line":113,"column":38}},"type":"cond-expr","locations":[{"start":{"line":112,"column":13},"end":{"line":112,"column":36}},{"start":{"line":113,"column":13},"end":{"line":113,"column":38}}],"line":111},"9":{"loc":{"start":{"line":116,"column":11},"end":{"line":117,"column":27}},"type":"binary-expr","locations":[{"start":{"line":116,"column":11},"end":{"line":116,"column":55}},{"start":{"line":117,"column":11},"end":{"line":117,"column":27}}],"line":116},"10":{"loc":{"start":{"line":124,"column":12},"end":{"line":130,"column":12}},"type":"binary-expr","locations":[{"start":{"line":124,"column":12},"end":{"line":124,"column":21}},{"start":{"line":125,"column":12},"end":{"line":129,"column":14}}],"line":124},"11":{"loc":{"start":{"line":133,"column":12},"end":{"line":135,"column":17}},"type":"cond-expr","locations":[{"start":{"line":134,"column":14},"end":{"line":134,"column":56}},{"start":{"line":135,"column":14},"end":{"line":135,"column":17}}],"line":133},"12":{"loc":{"start":{"line":138,"column":10},"end":{"line":146,"column":10}},"type":"binary-expr","locations":[{"start":{"line":138,"column":10},"end":{"line":138,"column":20}},{"start":{"line":139,"column":10},"end":{"line":145,"column":29}}],"line":138}},"s":{"0":0,"1":0,"2":0,"3":0,"4":0,"5":0,"6":0,"7":0,"8":0,"9":0,"10":0,"11":0,"12":0,"13":0,"14":0,"15":0},"f":{"0":0,"1":0,"2":0,"3":0,"4":0,"5":0},"b":{"0":[0,0],"1":[0,0],"2":[0,0],"3":[0,0],"4":[0,0],"5":[0,0],"6":[0,0,0],"7":[0,0,0],"8":[0,0],"9":[0,0],"10":[0,0],"11":[0,0],"12":[0,0]}}
,"/Users/ManelisiM/Documents/My Projects/React-Native/auction-market-app/app/(account)/orders.tsx": {"path":"/Users/ManelisiM/Documents/My Projects/React-Native/auction-market-app/app/(account)/orders.tsx","statementMap":{"0":{"start":{"line":14,"column":25},"end":{"line":26,"column":1}},"1":{"start":{"line":15,"column":1},"end":{"line":25,"column":2}},"2":{"start":{"line":17,"column":3},"end":{"line":17,"column":59}},"3":{"start":{"line":19,"column":3},"end":{"line":19,"column":59}},"4":{"start":{"line":22,"column":3},"end":{"line":22,"column":59}},"5":{"start":{"line":24,"column":3},"end":{"line":24,"column":82}},"6":{"start":{"line":29,"column":29},"end":{"line":29,"column":58}},"7":{"start":{"line":30,"column":31},"end":{"line":30,"column":45}},"8":{"start":{"line":31,"column":27},"end":{"line":31,"column":56}},"9":{"start":{"line":32,"column":25},"end":{"line":32,"column":36}},"10":{"start":{"line":33,"column":43},"end":{"line":33,"column":79}},"11":{"start":{"line":35,"column":19},"end":{"line":52,"column":11}},"12":{"start":{"line":36,"column":2},"end":{"line":36,"column":19}},"13":{"start":{"line":37,"column":2},"end":{"line":37,"column":17}},"14":{"start":{"line":38,"column":2},"end":{"line":51,"column":6}},"15":{"start":{"line":40,"column":30},"end":{"line":40,"column":34}},"16":{"start":{"line":41,"column":4},"end":{"line":43,"column":5}},"17":{"start":{"line":42,"column":5},"end":{"line":42,"column":26}},"18":{"start":{"line":44,"column":4},"end":{"line":44,"column":29}},"19":{"start":{"line":45,"column":4},"end":{"line":45,"column":22}},"20":{"start":{"line":48,"column":4},"end":{"line":48,"column":48}},"21":{"start":{"line":49,"column":4},"end":{"line":49,"column":40}},"22":{"start":{"line":50,"column":4},"end":{"line":50,"column":22}},"23":{"start":{"line":54,"column":1},"end":{"line":56,"column":23}},"24":{"start":{"line":55,"column":2},"end":{"line":55,"column":14}},"25":{"start":{"line":58,"column":20},"end":{"line":58,"column":21}},"26":{"start":{"line":60,"column":1},"end":{"line":195,"column":3}},"27":{"start":{"line":93,"column":30},"end":{"line":93,"column":43}},"28":{"start":{"line":95,"column":21},"end":{"line":95,"column":56}},"29":{"start":{"line":96,"column":7},"end":{"line":169,"column":9}},"30":{"start":{"line":114,"column":13},"end":{"line":114,"column":39}},"31":{"start":{"line":114,"column":32},"end":{"line":114,"column":39}},"32":{"start":{"line":115,"column":13},"end":{"line":115,"column":36}},"33":{"start":{"line":179,"column":20},"end":{"line":179,"column":54}},"34":{"start":{"line":179,"column":35},"end":{"line":179,"column":53}},"35":{"start":{"line":186,"column":20},"end":{"line":186,"column":63}},"36":{"start":{"line":186,"column":35},"end":{"line":186,"column":62}},"37":{"start":{"line":192,"column":52},"end":{"line":192,"column":74}},"38":{"start":{"line":198,"column":15},"end":{"line":343,"column":2}}},"fnMap":{"0":{"name":"(anonymous_0)","decl":{"start":{"line":14,"column":25},"end":{"line":14,"column":26}},"loc":{"start":{"line":14,"column":51},"end":{"line":26,"column":1}},"line":14},"1":{"name":"OrdersScreen","decl":{"start":{"line":28,"column":24},"end":{"line":28,"column":36}},"loc":{"start":{"line":28,"column":39},"end":{"line":196,"column":1}},"line":28},"2":{"name":"(anonymous_2)","decl":{"start":{"line":35,"column":31},"end":{"line":35,"column":32}},"loc":{"start":{"line":35,"column":43},"end":{"line":52,"column":2}},"line":35},"3":{"name":"(anonymous_3)","decl":{"start":{"line":39,"column":9},"end":{"line":39,"column":10}},"loc":{"start":{"line":39,"column":19},"end":{"line":46,"column":4}},"line":39},"4":{"name":"(anonymous_4)","decl":{"start":{"line":47,"column":10},"end":{"line":47,"column":11}},"loc":{"start":{"line":47,"column":19},"end":{"line":51,"column":4}},"line":47},"5":{"name":"(anonymous_5)","decl":{"start":{"line":54,"column":11},"end":{"line":54,"column":12}},"loc":{"start":{"line":54,"column":17},"end":{"line":56,"column":2}},"line":54},"6":{"name":"(anonymous_6)","decl":{"start":{"line":93,"column":20},"end":{"line":93,"column":21}},"loc":{"start":{"line":93,"column":30},"end":{"line":93,"column":43}},"line":93},"7":{"name":"(anonymous_7)","decl":{"start":{"line":94,"column":18},"end":{"line":94,"column":19}},"loc":{"start":{"line":94,"column":32},"end":{"line":170,"column":7}},"line":94},"8":{"name":"(anonymous_8)","decl":{"start":{"line":112,"column":21},"end":{"line":112,"column":22}},"loc":{"start":{"line":112,"column":27},"end":{"line":116,"column":13}},"line":112},"9":{"name":"(anonymous_9)","decl":{"start":{"line":179,"column":14},"end":{"line":179,"column":15}},"loc":{"start":{"line":179,"column":20},"end":{"line":179,"column":54}},"line":179},"10":{"name":"(anonymous_10)","decl":{"start":{"line":179,"column":28},"end":{"line":179,"column":29}},"loc":{"start":{"line":179,"column":35},"end":{"line":179,"column":53}},"line":179},"11":{"name":"(anonymous_11)","decl":{"start":{"line":186,"column":14},"end":{"line":186,"column":15}},"loc":{"start":{"line":186,"column":20},"end":{"line":186,"column":63}},"line":186},"12":{"name":"(anonymous_12)","decl":{"start":{"line":186,"column":28},"end":{"line":186,"column":29}},"loc":{"start":{"line":186,"column":35},"end":{"line":186,"column":62}},"line":186},"13":{"name":"(anonymous_13)","decl":{"start":{"line":192,"column":46},"end":{"line":192,"column":47}},"loc":{"start":{"line":192,"column":52},"end":{"line":192,"column":74}},"line":192}},"branchMap":{"0":{"loc":{"start":{"line":15,"column":1},"end":{"line":25,"column":2}},"type":"switch","locations":[{"start":{"line":16,"column":2},"end":{"line":17,"column":59}},{"start":{"line":18,"column":2},"end":{"line":19,"column":59}},{"start":{"line":20,"column":2},"end":{"line":20,"column":27}},{"start":{"line":21,"column":2},"end":{"line":22,"column":59}},{"start":{"line":23,"column":2},"end":{"line":24,"column":82}}],"line":15},"1":{"loc":{"start":{"line":41,"column":4},"end":{"line":43,"column":5}},"type":"if","locations":[{"start":{"line":41,"column":4},"end":{"line":43,"column":5}},{"start":{},"end":{}}],"line":41},"2":{"loc":{"start":{"line":74,"column":4},"end":{"line":78,"column":4}},"type":"binary-expr","locations":[{"start":{"line":74,"column":4},"end":{"line":74,"column":9}},{"start":{"line":75,"column":4},"end":{"line":77,"column":11}}],"line":74},"3":{"loc":{"start":{"line":80,"column":5},"end":{"line":173,"column":5}},"type":"cond-expr","locations":[{"start":{"line":81,"column":5},"end":{"line":85,"column":7}},{"start":{"line":86,"column":8},"end":{"line":173,"column":5}}],"line":80},"4":{"loc":{"start":{"line":86,"column":8},"end":{"line":173,"column":5}},"type":"cond-expr","locations":[{"start":{"line":87,"column":5},"end":{"line":89,"column":12}},{"start":{"line":91,"column":5},"end":{"line":172,"column":7}}],"line":86},"5":{"loc":{"start":{"line":114,"column":13},"end":{"line":114,"column":39}},"type":"if","locations":[{"start":{"line":114,"column":13},"end":{"line":114,"column":39}},{"start":{},"end":{}}],"line":114},"6":{"loc":{"start":{"line":143,"column":13},"end":{"line":145,"column":18}},"type":"cond-expr","locations":[{"start":{"line":144,"column":15},"end":{"line":144,"column":57}},{"start":{"line":145,"column":15},"end":{"line":145,"column":18}}],"line":143},"7":{"loc":{"start":{"line":178,"column":29},"end":{"line":178,"column":65}},"type":"binary-expr","locations":[{"start":{"line":178,"column":29},"end":{"line":178,"column":39}},{"start":{"line":178,"column":43},"end":{"line":178,"column":65}}],"line":178},"8":{"loc":{"start":{"line":185,"column":29},"end":{"line":185,"column":74}},"type":"binary-expr","locations":[{"start":{"line":185,"column":29},"end":{"line":185,"column":48}},{"start":{"line":185,"column":52},"end":{"line":185,"column":74}}],"line":185},"9":{"loc":{"start":{"line":191,"column":4},"end":{"line":193,"column":4}},"type":"binary-expr","locations":[{"start":{"line":191,"column":4},"end":{"line":191,"column":17}},{"start":{"line":192,"column":4},"end":{"line":192,"column":78}}],"line":191}},"s":{"0":0,"1":0,"2":0,"3":0,"4":0,"5":0,"6":0,"7":0,"8":0,"9":0,"10":0,"11":0,"12":0,"13":0,"14":0,"15":0,"16":0,"17":0,"18":0,"19":0,"20":0,"21":0,"22":0,"23":0,"24":0,"25":0,"26":0,"27":0,"28":0,"29":0,"30":0,"31":0,"32":0,"33":0,"34":0,"35":0,"36":0,"37":0,"38":0},"f":{"0":0,"1":0,"2":0,"3":0,"4":0,"5":0,"6":0,"7":0,"8":0,"9":0,"10":0,"11":0,"12":0,"13":0},"b":{"0":[0,0,0,0,0],"1":[0,0],"2":[0,0],"3":[0,0],"4":[0,0],"5":[0,0],"6":[0,0],"7":[0,0],"8":[0,0],"9":[0,0]}}
,"/Users/ManelisiM/Documents/My Projects/React-Native/auction-market-app/app/(account)/profile.tsx": {"path":"/Users/ManelisiM/Documents/My Projects/React-Native/auction-market-app/app/(account)/profile.tsx","statementMap":{"0":{"start":{"line":21,"column":28},"end":{"line":21,"column":37}},"1":{"start":{"line":22,"column":16},"end":{"line":22,"column":27}},"2":{"start":{"line":26,"column":31},"end":{"line":26,"column":46}},"3":{"start":{"line":27,"column":25},"end":{"line":33,"column":3}},"4":{"start":{"line":34,"column":33},"end":{"line":34,"column":45}},"5":{"start":{"line":35,"column":33},"end":{"line":35,"column":45}},"6":{"start":{"line":36,"column":31},"end":{"line":36,"column":46}},"7":{"start":{"line":38,"column":1},"end":{"line":41,"column":2}},"8":{"start":{"line":39,"column":2},"end":{"line":39,"column":36}},"9":{"start":{"line":40,"column":2},"end":{"line":40,"column":14}},"10":{"start":{"line":43,"column":22},"end":{"line":45,"column":2}},"11":{"start":{"line":44,"column":2},"end":{"line":44,"column":49}},"12":{"start":{"line":44,"column":21},"end":{"line":44,"column":46}},"13":{"start":{"line":47,"column":16},"end":{"line":61,"column":2}},"14":{"start":{"line":48,"column":2},"end":{"line":48,"column":20}},"15":{"start":{"line":48,"column":13},"end":{"line":48,"column":20}},"16":{"start":{"line":49,"column":2},"end":{"line":49,"column":19}},"17":{"start":{"line":50,"column":2},"end":{"line":59,"column":3}},"18":{"start":{"line":51,"column":3},"end":{"line":51,"column":27}},"19":{"start":{"line":52,"column":3},"end":{"line":56,"column":7}},"20":{"start":{"line":52,"column":22},"end":{"line":56,"column":4}},"21":{"start":{"line":58,"column":3},"end":{"line":58,"column":69}},"22":{"start":{"line":60,"column":2},"end":{"line":60,"column":20}},"23":{"start":{"line":63,"column":25},"end":{"line":78,"column":2}},"24":{"start":{"line":69,"column":2},"end":{"line":69,"column":20}},"25":{"start":{"line":69,"column":13},"end":{"line":69,"column":20}},"26":{"start":{"line":70,"column":2},"end":{"line":70,"column":19}},"27":{"start":{"line":71,"column":2},"end":{"line":76,"column":3}},"28":{"start":{"line":72,"column":3},"end":{"line":72,"column":37}},"29":{"start":{"line":73,"column":3},"end":{"line":73,"column":64}},"30":{"start":{"line":73,"column":22},"end":{"line":73,"column":61}},"31":{"start":{"line":75,"column":3},"end":{"line":75,"column":77}},"32":{"start":{"line":77,"column":2},"end":{"line":77,"column":20}},"33":{"start":{"line":80,"column":20},"end":{"line":93,"column":2}},"34":{"start":{"line":81,"column":2},"end":{"line":81,"column":20}},"35":{"start":{"line":81,"column":13},"end":{"line":81,"column":20}},"36":{"start":{"line":82,"column":2},"end":{"line":82,"column":19}},"37":{"start":{"line":83,"column":2},"end":{"line":91,"column":3}},"38":{"start":{"line":84,"column":3},"end":{"line":87,"column":6}},"39":{"start":{"line":88,"column":3},"end":{"line":88,"column":21}},"40":{"start":{"line":90,"column":3},"end":{"line":90,"column":69}},"41":{"start":{"line":92,"column":2},"end":{"line":92,"column":20}},"42":{"start":{"line":95,"column":25},"end":{"line":116,"column":2}},"43":{"start":{"line":96,"column":17},"end":{"line":101,"column":4}},"44":{"start":{"line":102,"column":2},"end":{"line":115,"column":3}},"45":{"start":{"line":103,"column":3},"end":{"line":103,"column":20}},"46":{"start":{"line":104,"column":3},"end":{"line":113,"column":4}},"47":{"start":{"line":105,"column":4},"end":{"line":110,"column":7}},"48":{"start":{"line":112,"column":4},"end":{"line":112,"column":78}},"49":{"start":{"line":114,"column":3},"end":{"line":114,"column":21}},"50":{"start":{"line":118,"column":24},"end":{"line":130,"column":2}},"51":{"start":{"line":119,"column":2},"end":{"line":119,"column":24}},"52":{"start":{"line":119,"column":17},"end":{"line":119,"column":24}},"53":{"start":{"line":120,"column":2},"end":{"line":120,"column":19}},"54":{"start":{"line":121,"column":2},"end":{"line":128,"column":3}},"55":{"start":{"line":122,"column":20},"end":{"line":122,"column":71}},"56":{"start":{"line":123,"column":3},"end":{"line":123,"column":41}},"57":{"start":{"line":124,"column":3},"end":{"line":124,"column":53}},"58":{"start":{"line":124,"column":22},"end":{"line":124,"column":50}},"59":{"start":{"line":125,"column":3},"end":{"line":125,"column":19}},"60":{"start":{"line":127,"column":3},"end":{"line":127,"column":64}},"61":{"start":{"line":129,"column":2},"end":{"line":129,"column":20}},"62":{"start":{"line":132,"column":24},"end":{"line":143,"column":2}},"63":{"start":{"line":133,"column":2},"end":{"line":133,"column":24}},"64":{"start":{"line":133,"column":17},"end":{"line":133,"column":24}},"65":{"start":{"line":134,"column":2},"end":{"line":134,"column":19}},"66":{"start":{"line":135,"column":2},"end":{"line":141,"column":3}},"67":{"start":{"line":137,"column":3},"end":{"line":137,"column":60}},"68":{"start":{"line":138,"column":3},"end":{"line":138,"column":19}},"69":{"start":{"line":140,"column":3},"end":{"line":140,"column":71}},"70":{"start":{"line":142,"column":2},"end":{"line":142,"column":20}},"71":{"start":{"line":145,"column":1},"end":{"line":151,"column":2}},"72":{"start":{"line":146,"column":2},"end":{"line":150,"column":4}},"73":{"start":{"line":153,"column":1},"end":{"line":273,"column":3}},"74":{"start":{"line":174,"column":27},"end":{"line":174,"column":55}},"75":{"start":{"line":181,"column":27},"end":{"line":181,"column":54}},"76":{"start":{"line":188,"column":27},"end":{"line":188,"column":57}},"77":{"start":{"line":229,"column":7},"end":{"line":233,"column":14}},"78":{"start":{"line":239,"column":7},"end":{"line":241,"column":14}},"79":{"start":{"line":257,"column":24},"end":{"line":257,"column":41}},"80":{"start":{"line":265,"column":23},"end":{"line":265,"column":39}},"81":{"start":{"line":276,"column":15},"end":{"line":412,"column":2}}},"fnMap":{"0":{"name":"ProfileScreen","decl":{"start":{"line":20,"column":24},"end":{"line":20,"column":37}},"loc":{"start":{"line":20,"column":40},"end":{"line":274,"column":1}},"line":20},"1":{"name":"(anonymous_1)","decl":{"start":{"line":43,"column":22},"end":{"line":43,"column":23}},"loc":{"start":{"line":43,"column":54},"end":{"line":45,"column":2}},"line":43},"2":{"name":"(anonymous_2)","decl":{"start":{"line":44,"column":10},"end":{"line":44,"column":11}},"loc":{"start":{"line":44,"column":21},"end":{"line":44,"column":46}},"line":44},"3":{"name":"(anonymous_3)","decl":{"start":{"line":47,"column":16},"end":{"line":47,"column":17}},"loc":{"start":{"line":47,"column":75},"end":{"line":61,"column":2}},"line":47},"4":{"name":"(anonymous_4)","decl":{"start":{"line":52,"column":11},"end":{"line":52,"column":12}},"loc":{"start":{"line":52,"column":22},"end":{"line":56,"column":4}},"line":52},"5":{"name":"(anonymous_5)","decl":{"start":{"line":63,"column":25},"end":{"line":63,"column":26}},"loc":{"start":{"line":68,"column":7},"end":{"line":78,"column":2}},"line":68},"6":{"name":"(anonymous_6)","decl":{"start":{"line":73,"column":11},"end":{"line":73,"column":12}},"loc":{"start":{"line":73,"column":22},"end":{"line":73,"column":61}},"line":73},"7":{"name":"(anonymous_7)","decl":{"start":{"line":80,"column":20},"end":{"line":80,"column":21}},"loc":{"start":{"line":80,"column":32},"end":{"line":93,"column":2}},"line":80},"8":{"name":"(anonymous_8)","decl":{"start":{"line":95,"column":25},"end":{"line":95,"column":26}},"loc":{"start":{"line":95,"column":37},"end":{"line":116,"column":2}},"line":95},"9":{"name":"(anonymous_9)","decl":{"start":{"line":118,"column":24},"end":{"line":118,"column":25}},"loc":{"start":{"line":118,"column":36},"end":{"line":130,"column":2}},"line":118},"10":{"name":"(anonymous_10)","decl":{"start":{"line":124,"column":11},"end":{"line":124,"column":12}},"loc":{"start":{"line":124,"column":22},"end":{"line":124,"column":50}},"line":124},"11":{"name":"(anonymous_11)","decl":{"start":{"line":132,"column":24},"end":{"line":132,"column":25}},"loc":{"start":{"line":132,"column":36},"end":{"line":143,"column":2}},"line":132},"12":{"name":"(anonymous_12)","decl":{"start":{"line":174,"column":20},"end":{"line":174,"column":21}},"loc":{"start":{"line":174,"column":27},"end":{"line":174,"column":55}},"line":174},"13":{"name":"(anonymous_13)","decl":{"start":{"line":181,"column":20},"end":{"line":181,"column":21}},"loc":{"start":{"line":181,"column":27},"end":{"line":181,"column":54}},"line":181},"14":{"name":"(anonymous_14)","decl":{"start":{"line":188,"column":20},"end":{"line":188,"column":21}},"loc":{"start":{"line":188,"column":27},"end":{"line":188,"column":57}},"line":188},"15":{"name":"(anonymous_15)","decl":{"start":{"line":228,"column":33},"end":{"line":228,"column":34}},"loc":{"start":{"line":229,"column":7},"end":{"line":233,"column":14}},"line":229},"16":{"name":"(anonymous_16)","decl":{"start":{"line":238,"column":31},"end":{"line":238,"column":32}},"loc":{"start":{"line":239,"column":7},"end":{"line":241,"column":14}},"line":239},"17":{"name":"(anonymous_17)","decl":{"start":{"line":257,"column":18},"end":{"line":257,"column":19}},"loc":{"start":{"line":257,"column":24},"end":{"line":257,"column":41}},"line":257},"18":{"name":"(anonymous_18)","decl":{"start":{"line":265,"column":17},"end":{"line":265,"column":18}},"loc":{"start":{"line":265,"column":23},"end":{"line":265,"column":39}},"line":265}},"branchMap":{"0":{"loc":{"start":{"line":28,"column":13},"end":{"line":28,"column":34}},"type":"binary-expr","locations":[{"start":{"line":28,"column":13},"end":{"line":28,"column":28}},{"start":{"line":28,"column":32},"end":{"line":28,"column":34}}],"line":28},"1":{"loc":{"start":{"line":29,"column":12},"end":{"line":29,"column":32}},"type":"binary-expr","locations":[{"start":{"line":29,"column":12},"end":{"line":29,"column":26}},{"start":{"line":29,"column":30},"end":{"line":29,"column":32}}],"line":29},"2":{"loc":{"start":{"line":30,"column":19},"end":{"line":30,"column":39}},"type":"binary-expr","locations":[{"start":{"line":30,"column":19},"end":{"line":30,"column":33}},{"start":{"line":30,"column":37},"end":{"line":30,"column":39}}],"line":30},"3":{"loc":{"start":{"line":31,"column":15},"end":{"line":31,"column":58}},"type":"binary-expr","locations":[{"start":{"line":31,"column":15},"end":{"line":31,"column":52}},{"start":{"line":31,"column":56},"end":{"line":31,"column":58}}],"line":31},"4":{"loc":{"start":{"line":32,"column":9},"end":{"line":32,"column":54}},"type":"binary-expr","locations":[{"start":{"line":32,"column":9},"end":{"line":32,"column":48}},{"start":{"line":32,"column":52},"end":{"line":32,"column":54}}],"line":32},"5":{"loc":{"start":{"line":38,"column":1},"end":{"line":41,"column":2}},"type":"if","locations":[{"start":{"line":38,"column":1},"end":{"line":41,"column":2}},{"start":{},"end":{}}],"line":38},"6":{"loc":{"start":{"line":38,"column":5},"end":{"line":38,"column":22}},"type":"binary-expr","locations":[{"start":{"line":38,"column":5},"end":{"line":38,"column":13}},{"start":{"line":38,"column":17},"end":{"line":38,"column":22}}],"line":38},"7":{"loc":{"start":{"line":48,"column":2},"end":{"line":48,"column":20}},"type":"if","locations":[{"start":{"line":48,"column":2},"end":{"line":48,"column":20}},{"start":{},"end":{}}],"line":48},"8":{"loc":{"start":{"line":54,"column":15},"end":{"line":54,"column":47}},"type":"binary-expr","locations":[{"start":{"line":54,"column":15},"end":{"line":54,"column":29}},{"start":{"line":54,"column":33},"end":{"line":54,"column":47}}],"line":54},"9":{"loc":{"start":{"line":55,"column":14},"end":{"line":55,"column":44}},"type":"binary-expr","locations":[{"start":{"line":55,"column":14},"end":{"line":55,"column":27}},{"start":{"line":55,"column":31},"end":{"line":55,"column":44}}],"line":55},"10":{"loc":{"start":{"line":58,"column":24},"end":{"line":58,"column":67}},"type":"binary-expr","locations":[{"start":{"line":58,"column":24},"end":{"line":58,"column":36}},{"start":{"line":58,"column":40},"end":{"line":58,"column":67}}],"line":58},"11":{"loc":{"start":{"line":69,"column":2},"end":{"line":69,"column":20}},"type":"if","locations":[{"start":{"line":69,"column":2},"end":{"line":69,"column":20}},{"start":{},"end":{}}],"line":69},"12":{"loc":{"start":{"line":75,"column":24},"end":{"line":75,"column":75}},"type":"binary-expr","locations":[{"start":{"line":75,"column":24},"end":{"line":75,"column":36}},{"start":{"line":75,"column":40},"end":{"line":75,"column":75}}],"line":75},"13":{"loc":{"start":{"line":81,"column":2},"end":{"line":81,"column":20}},"type":"if","locations":[{"start":{"line":81,"column":2},"end":{"line":81,"column":20}},{"start":{},"end":{}}],"line":81},"14":{"loc":{"start":{"line":90,"column":24},"end":{"line":90,"column":67}},"type":"binary-expr","locations":[{"start":{"line":90,"column":24},"end":{"line":90,"column":36}},{"start":{"line":90,"column":40},"end":{"line":90,"column":67}}],"line":90},"15":{"loc":{"start":{"line":102,"column":2},"end":{"line":115,"column":3}},"type":"if","locations":[{"start":{"line":102,"column":2},"end":{"line":115,"column":3}},{"start":{},"end":{}}],"line":102},"16":{"loc":{"start":{"line":102,"column":6},"end":{"line":102,"column":64}},"type":"binary-expr","locations":[{"start":{"line":102,"column":6},"end":{"line":102,"column":22}},{"start":{"line":102,"column":26},"end":{"line":102,"column":39}},{"start":{"line":102,"column":43},"end":{"line":102,"column":64}}],"line":102},"17":{"loc":{"start":{"line":112,"column":25},"end":{"line":112,"column":76}},"type":"binary-expr","locations":[{"start":{"line":112,"column":25},"end":{"line":112,"column":37}},{"start":{"line":112,"column":41},"end":{"line":112,"column":76}}],"line":112},"18":{"loc":{"start":{"line":119,"column":2},"end":{"line":119,"column":24}},"type":"if","locations":[{"start":{"line":119,"column":2},"end":{"line":119,"column":24}},{"start":{},"end":{}}],"line":119},"19":{"loc":{"start":{"line":127,"column":24},"end":{"line":127,"column":62}},"type":"binary-expr","locations":[{"start":{"line":127,"column":24},"end":{"line":127,"column":36}},{"start":{"line":127,"column":40},"end":{"line":127,"column":62}}],"line":127},"20":{"loc":{"start":{"line":133,"column":2},"end":{"line":133,"column":24}},"type":"if","locations":[{"start":{"line":133,"column":2},"end":{"line":133,"column":24}},{"start":{},"end":{}}],"line":133},"21":{"loc":{"start":{"line":140,"column":24},"end":{"line":140,"column":69}},"type":"binary-expr","locations":[{"start":{"line":140,"column":24},"end":{"line":140,"column":36}},{"start":{"line":140,"column":40},"end":{"line":140,"column":69}}],"line":140},"22":{"loc":{"start":{"line":145,"column":1},"end":{"line":151,"column":2}},"type":"if","locations":[{"start":{"line":145,"column":1},"end":{"line":151,"column":2}},{"start":{},"end":{}}],"line":145},"23":{"loc":{"start":{"line":159,"column":7},"end":{"line":161,"column":50}},"type":"cond-expr","locations":[{"start":{"line":160,"column":10},"end":{"line":160,"column":39}},{"start":{"line":161,"column":10},"end":{"line":161,"column":50}}],"line":159},"24":{"loc":{"start":{"line":198,"column":6},"end":{"line":225,"column":6}},"type":"binary-expr","locations":[{"start":{"line":198,"column":6},"end":{"line":198,"column":13}},{"start":{"line":199,"column":6},"end":{"line":224,"column":9}}],"line":198},"25":{"loc":{"start":{"line":245,"column":7},"end":{"line":268,"column":7}},"type":"cond-expr","locations":[{"start":{"line":246,"column":7},"end":{"line":261,"column":10}},{"start":{"line":263,"column":7},"end":{"line":267,"column":26}}],"line":245},"26":{"loc":{"start":{"line":248,"column":33},"end":{"line":248,"column":60}},"type":"binary-expr","locations":[{"start":{"line":248,"column":33},"end":{"line":248,"column":40}},{"start":{"line":248,"column":44},"end":{"line":248,"column":60}}],"line":248},"27":{"loc":{"start":{"line":252,"column":11},"end":{"line":252,"column":41}},"type":"cond-expr","locations":[{"start":{"line":252,"column":21},"end":{"line":252,"column":32}},{"start":{"line":252,"column":35},"end":{"line":252,"column":41}}],"line":252}},"s":{"0":0,"1":0,"2":0,"3":0,"4":0,"5":0,"6":0,"7":0,"8":0,"9":0,"10":0,"11":0,"12":0,"13":0,"14":0,"15":0,"16":0,"17":0,"18":0,"19":0,"20":0,"21":0,"22":0,"23":0,"24":0,"25":0,"26":0,"27":0,"28":0,"29":0,"30":0,"31":0,"32":0,"33":0,"34":0,"35":0,"36":0,"37":0,"38":0,"39":0,"40":0,"41":0,"42":0,"43":0,"44":0,"45":0,"46":0,"47":0,"48":0,"49":0,"50":0,"51":0,"52":0,"53":0,"54":0,"55":0,"56":0,"57":0,"58":0,"59":0,"60":0,"61":0,"62":0,"63":0,"64":0,"65":0,"66":0,"67":0,"68":0,"69":0,"70":0,"71":0,"72":0,"73":0,"74":0,"75":0,"76":0,"77":0,"78":0,"79":0,"80":0,"81":0},"f":{"0":0,"1":0,"2":0,"3":0,"4":0,"5":0,"6":0,"7":0,"8":0,"9":0,"10":0,"11":0,"12":0,"13":0,"14":0,"15":0,"16":0,"17":0,"18":0},"b":{"0":[0,0],"1":[0,0],"2":[0,0],"3":[0,0],"4":[0,0],"5":[0,0],"6":[0,0],"7":[0,0],"8":[0,0],"9":[0,0],"10":[0,0],"11":[0,0],"12":[0,0],"13":[0,0],"14":[0,0],"15":[0,0],"16":[0,0,0],"17":[0,0],"18":[0,0],"19":[0,0],"20":[0,0],"21":[0,0],"22":[0,0],"23":[0,0],"24":[0,0],"25":[0,0],"26":[0,0],"27":[0,0]}}
,"/Users/ManelisiM/Documents/My Projects/React-Native/auction-market-app/app/(account)/transactions.tsx": {"path":"/Users/ManelisiM/Documents/My Projects/React-Native/auction-market-app/app/(account)/transactions.tsx","statementMap":{"0":{"start":{"line":21,"column":25},"end":{"line":36,"column":1}},"1":{"start":{"line":22,"column":1},"end":{"line":35,"column":2}},"2":{"start":{"line":27,"column":3},"end":{"line":27,"column":59}},"3":{"start":{"line":29,"column":3},"end":{"line":29,"column":59}},"4":{"start":{"line":32,"column":3},"end":{"line":32,"column":59}},"5":{"start":{"line":34,"column":3},"end":{"line":34,"column":82}},"6":{"start":{"line":39,"column":41},"end":{"line":39,"column":69}},"7":{"start":{"line":40,"column":31},"end":{"line":40,"column":45}},"8":{"start":{"line":41,"column":27},"end":{"line":41,"column":56}},"9":{"start":{"line":42,"column":55},"end":{"line":42,"column":90}},"10":{"start":{"line":44,"column":19},"end":{"line":61,"column":7}},"11":{"start":{"line":45,"column":2},"end":{"line":45,"column":19}},"12":{"start":{"line":46,"column":2},"end":{"line":46,"column":17}},"13":{"start":{"line":47,"column":2},"end":{"line":60,"column":3}},"14":{"start":{"line":49,"column":15},"end":{"line":49,"column":65}},"15":{"start":{"line":50,"column":3},"end":{"line":54,"column":4}},"16":{"start":{"line":51,"column":4},"end":{"line":51,"column":24}},"17":{"start":{"line":53,"column":4},"end":{"line":53,"column":38}},"18":{"start":{"line":56,"column":3},"end":{"line":56,"column":53}},"19":{"start":{"line":57,"column":3},"end":{"line":57,"column":68}},"20":{"start":{"line":59,"column":3},"end":{"line":59,"column":21}},"21":{"start":{"line":63,"column":1},"end":{"line":65,"column":17}},"22":{"start":{"line":64,"column":2},"end":{"line":64,"column":14}},"23":{"start":{"line":67,"column":1},"end":{"line":185,"column":3}},"24":{"start":{"line":101,"column":31},"end":{"line":101,"column":49}},"25":{"start":{"line":103,"column":22},"end":{"line":103,"column":59}},"26":{"start":{"line":104,"column":8},"end":{"line":172,"column":10}},"27":{"start":{"line":125,"column":28},"end":{"line":125,"column":56}},"28":{"start":{"line":181,"column":20},"end":{"line":181,"column":48}},"29":{"start":{"line":188,"column":15},"end":{"line":309,"column":2}}},"fnMap":{"0":{"name":"(anonymous_0)","decl":{"start":{"line":21,"column":25},"end":{"line":21,"column":26}},"loc":{"start":{"line":21,"column":45},"end":{"line":36,"column":1}},"line":21},"1":{"name":"TransactionsScreen","decl":{"start":{"line":38,"column":24},"end":{"line":38,"column":42}},"loc":{"start":{"line":38,"column":45},"end":{"line":186,"column":1}},"line":38},"2":{"name":"(anonymous_2)","decl":{"start":{"line":44,"column":31},"end":{"line":44,"column":32}},"loc":{"start":{"line":44,"column":43},"end":{"line":61,"column":2}},"line":44},"3":{"name":"(anonymous_3)","decl":{"start":{"line":63,"column":11},"end":{"line":63,"column":12}},"loc":{"start":{"line":63,"column":17},"end":{"line":65,"column":2}},"line":63},"4":{"name":"(anonymous_4)","decl":{"start":{"line":101,"column":21},"end":{"line":101,"column":22}},"loc":{"start":{"line":101,"column":31},"end":{"line":101,"column":49}},"line":101},"5":{"name":"(anonymous_5)","decl":{"start":{"line":102,"column":19},"end":{"line":102,"column":20}},"loc":{"start":{"line":102,"column":33},"end":{"line":173,"column":8}},"line":102},"6":{"name":"(anonymous_6)","decl":{"start":{"line":125,"column":22},"end":{"line":125,"column":23}},"loc":{"start":{"line":125,"column":28},"end":{"line":125,"column":56}},"line":125},"7":{"name":"(anonymous_7)","decl":{"start":{"line":181,"column":14},"end":{"line":181,"column":15}},"loc":{"start":{"line":181,"column":20},"end":{"line":181,"column":48}},"line":181}},"branchMap":{"0":{"loc":{"start":{"line":22,"column":1},"end":{"line":35,"column":2}},"type":"switch","locations":[{"start":{"line":23,"column":2},"end":{"line":23,"column":18}},{"start":{"line":24,"column":2},"end":{"line":24,"column":19}},{"start":{"line":25,"column":2},"end":{"line":25,"column":14}},{"start":{"line":26,"column":2},"end":{"line":27,"column":59}},{"start":{"line":28,"column":2},"end":{"line":29,"column":59}},{"start":{"line":30,"column":2},"end":{"line":30,"column":16}},{"start":{"line":31,"column":2},"end":{"line":32,"column":59}},{"start":{"line":33,"column":2},"end":{"line":34,"column":82}}],"line":22},"1":{"loc":{"start":{"line":50,"column":3},"end":{"line":54,"column":4}},"type":"if","locations":[{"start":{"line":50,"column":3},"end":{"line":54,"column":4}},{"start":{"line":52,"column":10},"end":{"line":54,"column":4}}],"line":50},"2":{"loc":{"start":{"line":82,"column":5},"end":{"line":86,"column":5}},"type":"binary-expr","locations":[{"start":{"line":82,"column":5},"end":{"line":82,"column":10}},{"start":{"line":83,"column":5},"end":{"line":85,"column":12}}],"line":82},"3":{"loc":{"start":{"line":88,"column":6},"end":{"line":176,"column":6}},"type":"cond-expr","locations":[{"start":{"line":89,"column":6},"end":{"line":93,"column":8}},{"start":{"line":94,"column":9},"end":{"line":176,"column":6}}],"line":88},"4":{"loc":{"start":{"line":94,"column":9},"end":{"line":176,"column":6}},"type":"cond-expr","locations":[{"start":{"line":95,"column":6},"end":{"line":97,"column":19}},{"start":{"line":99,"column":6},"end":{"line":175,"column":8}}],"line":94},"5":{"loc":{"start":{"line":118,"column":16},"end":{"line":119,"column":34}},"type":"binary-expr","locations":[{"start":{"line":118,"column":16},"end":{"line":118,"column":33}},{"start":{"line":119,"column":16},"end":{"line":119,"column":34}}],"line":118},"6":{"loc":{"start":{"line":136,"column":14},"end":{"line":138,"column":19}},"type":"cond-expr","locations":[{"start":{"line":137,"column":16},"end":{"line":137,"column":58}},{"start":{"line":138,"column":16},"end":{"line":138,"column":19}}],"line":136},"7":{"loc":{"start":{"line":166,"column":23},"end":{"line":166,"column":46}},"type":"binary-expr","locations":[{"start":{"line":166,"column":23},"end":{"line":166,"column":37}},{"start":{"line":166,"column":41},"end":{"line":166,"column":46}}],"line":166}},"s":{"0":0,"1":0,"2":0,"3":0,"4":0,"5":0,"6":0,"7":0,"8":0,"9":0,"10":0,"11":0,"12":0,"13":0,"14":0,"15":0,"16":0,"17":0,"18":0,"19":0,"20":0,"21":0,"22":0,"23":0,"24":0,"25":0,"26":0,"27":0,"28":0,"29":0},"f":{"0":0,"1":0,"2":0,"3":0,"4":0,"5":0,"6":0,"7":0},"b":{"0":[0,0,0,0,0,0,0,0],"1":[0,0],"2":[0,0],"3":[0,0],"4":[0,0],"5":[0,0],"6":[0,0],"7":[0,0]}}
,"/Users/ManelisiM/Documents/My Projects/React-Native/auction-market-app/app/(auctions)/_layout.tsx": {"path":"/Users/ManelisiM/Documents/My Projects/React-Native/auction-market-app/app/(auctions)/_layout.tsx","statementMap":{"0":{"start":{"line":3,"column":23},"end":{"line":15,"column":1}},"1":{"start":{"line":4,"column":1},"end":{"line":14,"column":3}}},"fnMap":{"0":{"name":"(anonymous_0)","decl":{"start":{"line":3,"column":23},"end":{"line":3,"column":24}},"loc":{"start":{"line":3,"column":29},"end":{"line":15,"column":1}},"line":3}},"branchMap":{},"s":{"0":0,"1":0},"f":{"0":0},"b":{}}
,"/Users/ManelisiM/Documents/My Projects/React-Native/auction-market-app/app/(auctions)/name.tsx": {"path":"/Users/ManelisiM/Documents/My Projects/React-Native/auction-market-app/app/(auctions)/name.tsx","statementMap":{"0":{"start":{"line":15,"column":20},"end":{"line":46,"column":1}},"1":{"start":{"line":16,"column":18},"end":{"line":16,"column":58}},"2":{"start":{"line":17,"column":31},"end":{"line":17,"column":63}},"3":{"start":{"line":18,"column":31},"end":{"line":18,"column":45}},"4":{"start":{"line":20,"column":1},"end":{"line":32,"column":12}},"5":{"start":{"line":21,"column":20},"end":{"line":30,"column":3}},"6":{"start":{"line":22,"column":3},"end":{"line":29,"column":4}},"7":{"start":{"line":23,"column":24},"end":{"line":23,"column":64}},"8":{"start":{"line":24,"column":4},"end":{"line":24,"column":28}},"9":{"start":{"line":26,"column":4},"end":{"line":26,"column":51}},"10":{"start":{"line":28,"column":4},"end":{"line":28,"column":22}},"11":{"start":{"line":31,"column":2},"end":{"line":31,"column":24}},"12":{"start":{"line":31,"column":12},"end":{"line":31,"column":24}},"13":{"start":{"line":34,"column":1},"end":{"line":45,"column":3}},"14":{"start":{"line":48,"column":15},"end":{"line":63,"column":2}}},"fnMap":{"0":{"name":"(anonymous_0)","decl":{"start":{"line":15,"column":20},"end":{"line":15,"column":21}},"loc":{"start":{"line":15,"column":26},"end":{"line":46,"column":1}},"line":15},"1":{"name":"(anonymous_1)","decl":{"start":{"line":20,"column":11},"end":{"line":20,"column":12}},"loc":{"start":{"line":20,"column":17},"end":{"line":32,"column":2}},"line":20},"2":{"name":"(anonymous_2)","decl":{"start":{"line":21,"column":20},"end":{"line":21,"column":21}},"loc":{"start":{"line":21,"column":32},"end":{"line":30,"column":3}},"line":21}},"branchMap":{"0":{"loc":{"start":{"line":31,"column":2},"end":{"line":31,"column":24}},"type":"if","locations":[{"start":{"line":31,"column":2},"end":{"line":31,"column":24}},{"start":{},"end":{}}],"line":31},"1":{"loc":{"start":{"line":36,"column":4},"end":{"line":43,"column":4}},"type":"cond-expr","locations":[{"start":{"line":37,"column":4},"end":{"line":40,"column":11}},{"start":{"line":42,"column":4},"end":{"line":42,"column":59}}],"line":36}},"s":{"0":0,"1":0,"2":0,"3":0,"4":0,"5":0,"6":0,"7":0,"8":0,"9":0,"10":0,"11":0,"12":0,"13":0,"14":0},"f":{"0":0,"1":0,"2":0},"b":{"0":[0,0],"1":[0,0]}}
,"/Users/ManelisiM/Documents/My Projects/React-Native/auction-market-app/app/(auth)/_layout.tsx": {"path":"/Users/ManelisiM/Documents/My Projects/React-Native/auction-market-app/app/(auth)/_layout.tsx","statementMap":{"0":{"start":{"line":3,"column":22},"end":{"line":10,"column":1}},"1":{"start":{"line":4,"column":1},"end":{"line":9,"column":3}}},"fnMap":{"0":{"name":"(anonymous_0)","decl":{"start":{"line":3,"column":22},"end":{"line":3,"column":23}},"loc":{"start":{"line":3,"column":28},"end":{"line":10,"column":1}},"line":3}},"branchMap":{},"s":{"0":0,"1":0},"f":{"0":0},"b":{}}
,"/Users/ManelisiM/Documents/My Projects/React-Native/auction-market-app/app/(auth)/sign-in.tsx": {"path":"/Users/ManelisiM/Documents/My Projects/React-Native/auction-market-app/app/(auth)/sign-in.tsx","statementMap":{"0":{"start":{"line":28,"column":21},"end":{"line":245,"column":1}},"1":{"start":{"line":29,"column":41},"end":{"line":29,"column":52}},"2":{"start":{"line":30,"column":58},"end":{"line":30,"column":79}},"3":{"start":{"line":31,"column":68},"end":{"line":31,"column":87}},"4":{"start":{"line":33,"column":31},"end":{"line":33,"column":46}},"5":{"start":{"line":34,"column":37},"end":{"line":37,"column":3}},"6":{"start":{"line":38,"column":25},"end":{"line":41,"column":3}},"7":{"start":{"line":43,"column":22},"end":{"line":45,"column":2}},"8":{"start":{"line":44,"column":2},"end":{"line":44,"column":49}},"9":{"start":{"line":44,"column":21},"end":{"line":44,"column":46}},"10":{"start":{"line":47,"column":22},"end":{"line":79,"column":2}},"11":{"start":{"line":48,"column":2},"end":{"line":48,"column":24}},"12":{"start":{"line":48,"column":17},"end":{"line":48,"column":24}},"13":{"start":{"line":49,"column":2},"end":{"line":49,"column":19}},"14":{"start":{"line":50,"column":2},"end":{"line":77,"column":3}},"15":{"start":{"line":52,"column":4},"end":{"line":57,"column":9}},"16":{"start":{"line":59,"column":3},"end":{"line":59,"column":76}},"17":{"start":{"line":60,"column":3},"end":{"line":71,"column":4}},"18":{"start":{"line":61,"column":4},"end":{"line":66,"column":5}},"19":{"start":{"line":62,"column":5},"end":{"line":65,"column":8}},"20":{"start":{"line":67,"column":4},"end":{"line":67,"column":65}},"21":{"start":{"line":68,"column":4},"end":{"line":68,"column":24}},"22":{"start":{"line":70,"column":4},"end":{"line":70,"column":76}},"23":{"start":{"line":73,"column":3},"end":{"line":76,"column":6}},"24":{"start":{"line":78,"column":2},"end":{"line":78,"column":20}},"25":{"start":{"line":81,"column":28},"end":{"line":99,"column":2}},"26":{"start":{"line":82,"column":2},"end":{"line":82,"column":24}},"27":{"start":{"line":82,"column":17},"end":{"line":82,"column":24}},"28":{"start":{"line":83,"column":2},"end":{"line":83,"column":19}},"29":{"start":{"line":84,"column":2},"end":{"line":97,"column":3}},"30":{"start":{"line":85,"column":23},"end":{"line":85,"column":74}},"31":{"start":{"line":86,"column":3},"end":{"line":91,"column":6}},"32":{"start":{"line":93,"column":3},"end":{"line":96,"column":6}},"33":{"start":{"line":98,"column":2},"end":{"line":98,"column":20}},"34":{"start":{"line":101,"column":31},"end":{"line":133,"column":2}},"35":{"start":{"line":102,"column":2},"end":{"line":102,"column":19}},"36":{"start":{"line":103,"column":17},"end":{"line":105,"column":4}},"37":{"start":{"line":107,"column":24},"end":{"line":107,"column":73}},"38":{"start":{"line":108,"column":2},"end":{"line":108,"column":58}},"39":{"start":{"line":109,"column":2},"end":{"line":109,"column":20}},"40":{"start":{"line":110,"column":2},"end":{"line":110,"column":32}},"41":{"start":{"line":111,"column":2},"end":{"line":132,"column":3}},"42":{"start":{"line":113,"column":23},"end":{"line":113,"column":37}},"43":{"start":{"line":114,"column":3},"end":{"line":121,"column":4}},"44":{"start":{"line":115,"column":4},"end":{"line":119,"column":7}},"45":{"start":{"line":120,"column":4},"end":{"line":120,"column":11}},"46":{"start":{"line":123,"column":3},"end":{"line":123,"column":62}},"47":{"start":{"line":127,"column":3},"end":{"line":130,"column":6}},"48":{"start":{"line":131,"column":3},"end":{"line":131,"column":59}},"49":{"start":{"line":135,"column":1},"end":{"line":244,"column":3}},"50":{"start":{"line":173,"column":8},"end":{"line":182,"column":27}},"51":{"start":{"line":176,"column":24},"end":{"line":176,"column":56}},"52":{"start":{"line":197,"column":29},"end":{"line":197,"column":53}},"53":{"start":{"line":205,"column":29},"end":{"line":205,"column":56}},"54":{"start":{"line":212,"column":23},"end":{"line":212,"column":42}},"55":{"start":{"line":219,"column":23},"end":{"line":219,"column":53}},"56":{"start":{"line":224,"column":23},"end":{"line":224,"column":45}},"57":{"start":{"line":236,"column":22},"end":{"line":236,"column":68}},"58":{"start":{"line":237,"column":23},"end":{"line":237,"column":69}},"59":{"start":{"line":247,"column":15},"end":{"line":367,"column":2}}},"fnMap":{"0":{"name":"(anonymous_0)","decl":{"start":{"line":28,"column":21},"end":{"line":28,"column":22}},"loc":{"start":{"line":28,"column":27},"end":{"line":245,"column":1}},"line":28},"1":{"name":"(anonymous_1)","decl":{"start":{"line":43,"column":22},"end":{"line":43,"column":23}},"loc":{"start":{"line":43,"column":54},"end":{"line":45,"column":2}},"line":43},"2":{"name":"(anonymous_2)","decl":{"start":{"line":44,"column":10},"end":{"line":44,"column":11}},"loc":{"start":{"line":44,"column":21},"end":{"line":44,"column":46}},"line":44},"3":{"name":"(anonymous_3)","decl":{"start":{"line":47,"column":22},"end":{"line":47,"column":23}},"loc":{"start":{"line":47,"column":51},"end":{"line":79,"column":2}},"line":47},"4":{"name":"(anonymous_4)","decl":{"start":{"line":81,"column":28},"end":{"line":81,"column":29}},"loc":{"start":{"line":81,"column":56},"end":{"line":99,"column":2}},"line":81},"5":{"name":"(anonymous_5)","decl":{"start":{"line":101,"column":31},"end":{"line":101,"column":32}},"loc":{"start":{"line":101,"column":43},"end":{"line":133,"column":2}},"line":101},"6":{"name":"(anonymous_6)","decl":{"start":{"line":172,"column":29},"end":{"line":172,"column":30}},"loc":{"start":{"line":173,"column":8},"end":{"line":182,"column":27}},"line":173},"7":{"name":"(anonymous_7)","decl":{"start":{"line":176,"column":18},"end":{"line":176,"column":19}},"loc":{"start":{"line":176,"column":24},"end":{"line":176,"column":56}},"line":176},"8":{"name":"(anonymous_8)","decl":{"start":{"line":197,"column":22},"end":{"line":197,"column":23}},"loc":{"start":{"line":197,"column":29},"end":{"line":197,"column":53}},"line":197},"9":{"name":"(anonymous_9)","decl":{"start":{"line":205,"column":22},"end":{"line":205,"column":23}},"loc":{"start":{"line":205,"column":29},"end":{"line":205,"column":56}},"line":205},"10":{"name":"(anonymous_10)","decl":{"start":{"line":212,"column":17},"end":{"line":212,"column":18}},"loc":{"start":{"line":212,"column":23},"end":{"line":212,"column":42}},"line":212},"11":{"name":"(anonymous_11)","decl":{"start":{"line":219,"column":17},"end":{"line":219,"column":18}},"loc":{"start":{"line":219,"column":23},"end":{"line":219,"column":53}},"line":219},"12":{"name":"(anonymous_12)","decl":{"start":{"line":224,"column":17},"end":{"line":224,"column":18}},"loc":{"start":{"line":224,"column":23},"end":{"line":224,"column":45}},"line":224},"13":{"name":"(anonymous_13)","decl":{"start":{"line":236,"column":16},"end":{"line":236,"column":17}},"loc":{"start":{"line":236,"column":22},"end":{"line":236,"column":68}},"line":236},"14":{"name":"(anonymous_14)","decl":{"start":{"line":237,"column":17},"end":{"line":237,"column":18}},"loc":{"start":{"line":237,"column":23},"end":{"line":237,"column":69}},"line":237}},"branchMap":{"0":{"loc":{"start":{"line":48,"column":2},"end":{"line":48,"column":24}},"type":"if","locations":[{"start":{"line":48,"column":2},"end":{"line":48,"column":24}},{"start":{},"end":{}}],"line":48},"1":{"loc":{"start":{"line":52,"column":4},"end":{"line":57,"column":9}},"type":"cond-expr","locations":[{"start":{"line":53,"column":7},"end":{"line":53,"column":27}},{"start":{"line":54,"column":7},"end":{"line":57,"column":9}}],"line":52},"2":{"loc":{"start":{"line":52,"column":4},"end":{"line":52,"column":30}},"type":"binary-expr","locations":[{"start":{"line":52,"column":4},"end":{"line":52,"column":18}},{"start":{"line":52,"column":22},"end":{"line":52,"column":30}}],"line":52},"3":{"loc":{"start":{"line":60,"column":3},"end":{"line":71,"column":4}},"type":"if","locations":[{"start":{"line":60,"column":3},"end":{"line":71,"column":4}},{"start":{"line":69,"column":10},"end":{"line":71,"column":4}}],"line":60},"4":{"loc":{"start":{"line":61,"column":4},"end":{"line":66,"column":5}},"type":"if","locations":[{"start":{"line":61,"column":4},"end":{"line":66,"column":5}},{"start":{},"end":{}}],"line":61},"5":{"loc":{"start":{"line":75,"column":13},"end":{"line":75,"column":75}},"type":"binary-expr","locations":[{"start":{"line":75,"column":13},"end":{"line":75,"column":38}},{"start":{"line":75,"column":42},"end":{"line":75,"column":54}},{"start":{"line":75,"column":58},"end":{"line":75,"column":75}}],"line":75},"6":{"loc":{"start":{"line":82,"column":2},"end":{"line":82,"column":24}},"type":"if","locations":[{"start":{"line":82,"column":2},"end":{"line":82,"column":24}},{"start":{},"end":{}}],"line":82},"7":{"loc":{"start":{"line":95,"column":13},"end":{"line":95,"column":82}},"type":"binary-expr","locations":[{"start":{"line":95,"column":13},"end":{"line":95,"column":38}},{"start":{"line":95,"column":42},"end":{"line":95,"column":54}},{"start":{"line":95,"column":58},"end":{"line":95,"column":82}}],"line":95},"8":{"loc":{"start":{"line":111,"column":2},"end":{"line":132,"column":3}},"type":"if","locations":[{"start":{"line":111,"column":2},"end":{"line":132,"column":3}},{"start":{"line":125,"column":9},"end":{"line":132,"column":3}}],"line":111},"9":{"loc":{"start":{"line":114,"column":3},"end":{"line":121,"column":4}},"type":"if","locations":[{"start":{"line":114,"column":3},"end":{"line":121,"column":4}},{"start":{},"end":{}}],"line":114},"10":{"loc":{"start":{"line":129,"column":13},"end":{"line":129,"column":63}},"type":"binary-expr","locations":[{"start":{"line":129,"column":13},"end":{"line":129,"column":25}},{"start":{"line":129,"column":29},"end":{"line":129,"column":63}}],"line":129},"11":{"loc":{"start":{"line":138,"column":13},"end":{"line":138,"column":57}},"type":"cond-expr","locations":[{"start":{"line":138,"column":37},"end":{"line":138,"column":46}},{"start":{"line":138,"column":49},"end":{"line":138,"column":57}}],"line":138},"12":{"loc":{"start":{"line":145,"column":7},"end":{"line":169,"column":7}},"type":"binary-expr","locations":[{"start":{"line":145,"column":7},"end":{"line":145,"column":23}},{"start":{"line":145,"column":27},"end":{"line":145,"column":40}},{"start":{"line":146,"column":7},"end":{"line":168,"column":26}}],"line":145},"13":{"loc":{"start":{"line":154,"column":10},"end":{"line":166,"column":10}},"type":"cond-expr","locations":[{"start":{"line":155,"column":10},"end":{"line":155,"column":29}},{"start":{"line":156,"column":13},"end":{"line":166,"column":10}}],"line":154},"14":{"loc":{"start":{"line":156,"column":13},"end":{"line":166,"column":10}},"type":"cond-expr","locations":[{"start":{"line":157,"column":10},"end":{"line":157,"column":32}},{"start":{"line":158,"column":13},"end":{"line":166,"column":10}}],"line":156},"15":{"loc":{"start":{"line":158,"column":13},"end":{"line":166,"column":10}},"type":"cond-expr","locations":[{"start":{"line":159,"column":10},"end":{"line":161,"column":13}},{"start":{"line":163,"column":10},"end":{"line":165,"column":13}}],"line":158},"16":{"loc":{"start":{"line":211,"column":17},"end":{"line":211,"column":54}},"type":"cond-expr","locations":[{"start":{"line":211,"column":27},"end":{"line":211,"column":42}},{"start":{"line":211,"column":45},"end":{"line":211,"column":54}}],"line":211}},"s":{"0":0,"1":0,"2":0,"3":0,"4":0,"5":0,"6":0,"7":0,"8":0,"9":0,"10":0,"11":0,"12":0,"13":0,"14":0,"15":0,"16":0,"17":0,"18":0,"19":0,"20":0,"21":0,"22":0,"23":0,"24":0,"25":0,"26":0,"27":0,"28":0,"29":0,"30":0,"31":0,"32":0,"33":0,"34":0,"35":0,"36":0,"37":0,"38":0,"39":0,"40":0,"41":0,"42":0,"43":0,"44":0,"45":0,"46":0,"47":0,"48":0,"49":0,"50":0,"51":0,"52":0,"53":0,"54":0,"55":0,"56":0,"57":0,"58":0,"59":0},"f":{"0":0,"1":0,"2":0,"3":0,"4":0,"5":0,"6":0,"7":0,"8":0,"9":0,"10":0,"11":0,"12":0,"13":0,"14":0},"b":{"0":[0,0],"1":[0,0],"2":[0,0],"3":[0,0],"4":[0,0],"5":[0,0,0],"6":[0,0],"7":[0,0,0],"8":[0,0],"9":[0,0],"10":[0,0],"11":[0,0],"12":[0,0,0],"13":[0,0],"14":[0,0],"15":[0,0],"16":[0,0]}}
,"/Users/ManelisiM/Documents/My Projects/React-Native/auction-market-app/app/(auth)/sign-up.tsx": {"path":"/Users/ManelisiM/Documents/My Projects/React-Native/auction-market-app/app/(auth)/sign-up.tsx","statementMap":{"0":{"start":{"line":25,"column":21},"end":{"line":187,"column":1}},"1":{"start":{"line":26,"column":41},"end":{"line":26,"column":52}},"2":{"start":{"line":27,"column":31},"end":{"line":27,"column":46}},"3":{"start":{"line":28,"column":37},"end":{"line":31,"column":3}},"4":{"start":{"line":32,"column":25},"end":{"line":35,"column":3}},"5":{"start":{"line":37,"column":22},"end":{"line":39,"column":2}},"6":{"start":{"line":38,"column":2},"end":{"line":38,"column":49}},"7":{"start":{"line":38,"column":21},"end":{"line":38,"column":46}},"8":{"start":{"line":41,"column":22},"end":{"line":71,"column":2}},"9":{"start":{"line":42,"column":2},"end":{"line":45,"column":3}},"10":{"start":{"line":43,"column":3},"end":{"line":43,"column":75}},"11":{"start":{"line":44,"column":3},"end":{"line":44,"column":10}},"12":{"start":{"line":46,"column":2},"end":{"line":46,"column":24}},"13":{"start":{"line":46,"column":17},"end":{"line":46,"column":24}},"14":{"start":{"line":47,"column":2},"end":{"line":47,"column":19}},"15":{"start":{"line":48,"column":2},"end":{"line":69,"column":3}},"16":{"start":{"line":49,"column":18},"end":{"line":52,"column":5}},"17":{"start":{"line":53,"column":3},"end":{"line":63,"column":4}},"18":{"start":{"line":54,"column":4},"end":{"line":54,"column":58}},"19":{"start":{"line":55,"column":4},"end":{"line":55,"column":24}},"20":{"start":{"line":56,"column":10},"end":{"line":63,"column":4}},"21":{"start":{"line":57,"column":4},"end":{"line":60,"column":7}},"22":{"start":{"line":62,"column":4},"end":{"line":62,"column":76}},"23":{"start":{"line":65,"column":3},"end":{"line":68,"column":6}},"24":{"start":{"line":70,"column":2},"end":{"line":70,"column":20}},"25":{"start":{"line":73,"column":28},"end":{"line":90,"column":2}},"26":{"start":{"line":74,"column":2},"end":{"line":74,"column":24}},"27":{"start":{"line":74,"column":17},"end":{"line":74,"column":24}},"28":{"start":{"line":75,"column":2},"end":{"line":75,"column":19}},"29":{"start":{"line":76,"column":2},"end":{"line":88,"column":3}},"30":{"start":{"line":77,"column":23},"end":{"line":77,"column":74}},"31":{"start":{"line":78,"column":3},"end":{"line":82,"column":6}},"32":{"start":{"line":84,"column":3},"end":{"line":87,"column":6}},"33":{"start":{"line":89,"column":2},"end":{"line":89,"column":20}},"34":{"start":{"line":92,"column":1},"end":{"line":186,"column":3}},"35":{"start":{"line":111,"column":8},"end":{"line":120,"column":27}},"36":{"start":{"line":114,"column":24},"end":{"line":114,"column":56}},"37":{"start":{"line":135,"column":29},"end":{"line":135,"column":53}},"38":{"start":{"line":144,"column":29},"end":{"line":144,"column":56}},"39":{"start":{"line":162,"column":23},"end":{"line":162,"column":53}},"40":{"start":{"line":166,"column":23},"end":{"line":166,"column":45}},"41":{"start":{"line":178,"column":22},"end":{"line":178,"column":68}},"42":{"start":{"line":179,"column":23},"end":{"line":179,"column":69}},"43":{"start":{"line":189,"column":15},"end":{"line":307,"column":2}}},"fnMap":{"0":{"name":"(anonymous_0)","decl":{"start":{"line":25,"column":21},"end":{"line":25,"column":22}},"loc":{"start":{"line":25,"column":27},"end":{"line":187,"column":1}},"line":25},"1":{"name":"(anonymous_1)","decl":{"start":{"line":37,"column":22},"end":{"line":37,"column":23}},"loc":{"start":{"line":37,"column":54},"end":{"line":39,"column":2}},"line":37},"2":{"name":"(anonymous_2)","decl":{"start":{"line":38,"column":10},"end":{"line":38,"column":11}},"loc":{"start":{"line":38,"column":21},"end":{"line":38,"column":46}},"line":38},"3":{"name":"(anonymous_3)","decl":{"start":{"line":41,"column":22},"end":{"line":41,"column":23}},"loc":{"start":{"line":41,"column":34},"end":{"line":71,"column":2}},"line":41},"4":{"name":"(anonymous_4)","decl":{"start":{"line":73,"column":28},"end":{"line":73,"column":29}},"loc":{"start":{"line":73,"column":56},"end":{"line":90,"column":2}},"line":73},"5":{"name":"(anonymous_5)","decl":{"start":{"line":110,"column":29},"end":{"line":110,"column":30}},"loc":{"start":{"line":111,"column":8},"end":{"line":120,"column":27}},"line":111},"6":{"name":"(anonymous_6)","decl":{"start":{"line":114,"column":18},"end":{"line":114,"column":19}},"loc":{"start":{"line":114,"column":24},"end":{"line":114,"column":56}},"line":114},"7":{"name":"(anonymous_7)","decl":{"start":{"line":135,"column":22},"end":{"line":135,"column":23}},"loc":{"start":{"line":135,"column":29},"end":{"line":135,"column":53}},"line":135},"8":{"name":"(anonymous_8)","decl":{"start":{"line":144,"column":22},"end":{"line":144,"column":23}},"loc":{"start":{"line":144,"column":29},"end":{"line":144,"column":56}},"line":144},"9":{"name":"(anonymous_9)","decl":{"start":{"line":162,"column":17},"end":{"line":162,"column":18}},"loc":{"start":{"line":162,"column":23},"end":{"line":162,"column":53}},"line":162},"10":{"name":"(anonymous_10)","decl":{"start":{"line":166,"column":17},"end":{"line":166,"column":18}},"loc":{"start":{"line":166,"column":23},"end":{"line":166,"column":45}},"line":166},"11":{"name":"(anonymous_11)","decl":{"start":{"line":178,"column":16},"end":{"line":178,"column":17}},"loc":{"start":{"line":178,"column":22},"end":{"line":178,"column":68}},"line":178},"12":{"name":"(anonymous_12)","decl":{"start":{"line":179,"column":17},"end":{"line":179,"column":18}},"loc":{"start":{"line":179,"column":23},"end":{"line":179,"column":69}},"line":179}},"branchMap":{"0":{"loc":{"start":{"line":42,"column":2},"end":{"line":45,"column":3}},"type":"if","locations":[{"start":{"line":42,"column":2},"end":{"line":45,"column":3}},{"start":{},"end":{}}],"line":42},"1":{"loc":{"start":{"line":42,"column":6},"end":{"line":42,"column":35}},"type":"binary-expr","locations":[{"start":{"line":42,"column":6},"end":{"line":42,"column":17}},{"start":{"line":42,"column":21},"end":{"line":42,"column":35}}],"line":42},"2":{"loc":{"start":{"line":46,"column":2},"end":{"line":46,"column":24}},"type":"if","locations":[{"start":{"line":46,"column":2},"end":{"line":46,"column":24}},{"start":{},"end":{}}],"line":46},"3":{"loc":{"start":{"line":53,"column":3},"end":{"line":63,"column":4}},"type":"if","locations":[{"start":{"line":53,"column":3},"end":{"line":63,"column":4}},{"start":{"line":56,"column":10},"end":{"line":63,"column":4}}],"line":53},"4":{"loc":{"start":{"line":56,"column":10},"end":{"line":63,"column":4}},"type":"if","locations":[{"start":{"line":56,"column":10},"end":{"line":63,"column":4}},{"start":{"line":61,"column":10},"end":{"line":63,"column":4}}],"line":56},"5":{"loc":{"start":{"line":67,"column":13},"end":{"line":67,"column":75}},"type":"binary-expr","locations":[{"start":{"line":67,"column":13},"end":{"line":67,"column":38}},{"start":{"line":67,"column":42},"end":{"line":67,"column":54}},{"start":{"line":67,"column":58},"end":{"line":67,"column":75}}],"line":67},"6":{"loc":{"start":{"line":74,"column":2},"end":{"line":74,"column":24}},"type":"if","locations":[{"start":{"line":74,"column":2},"end":{"line":74,"column":24}},{"start":{},"end":{}}],"line":74},"7":{"loc":{"start":{"line":86,"column":13},"end":{"line":86,"column":82}},"type":"binary-expr","locations":[{"start":{"line":86,"column":13},"end":{"line":86,"column":38}},{"start":{"line":86,"column":42},"end":{"line":86,"column":54}},{"start":{"line":86,"column":58},"end":{"line":86,"column":82}}],"line":86},"8":{"loc":{"start":{"line":95,"column":13},"end":{"line":95,"column":57}},"type":"cond-expr","locations":[{"start":{"line":95,"column":37},"end":{"line":95,"column":46}},{"start":{"line":95,"column":49},"end":{"line":95,"column":57}}],"line":95},"9":{"loc":{"start":{"line":154,"column":17},"end"
[...]
"end":{"line":40,"column":26}},{"start":{"line":40,"column":30},"end":{"line":40,"column":53}}],"line":40},"3":{"loc":{"start":{"line":118,"column":12},"end":{"line":118,"column":75}},"type":"cond-expr","locations":[{"start":{"line":118,"column":35},"end":{"line":118,"column":46}},{"start":{"line":118,"column":49},"end":{"line":118,"column":75}}],"line":118},"4":{"loc":{"start":{"line":132,"column":2},"end":{"line":132,"column":55}},"type":"if","locations":[{"start":{"line":132,"column":2},"end":{"line":132,"column":55}},{"start":{},"end":{}}],"line":132},"5":{"loc":{"start":{"line":132,"column":6},"end":{"line":132,"column":36}},"type":"binary-expr","locations":[{"start":{"line":132,"column":6},"end":{"line":132,"column":27}},{"start":{"line":132,"column":31},"end":{"line":132,"column":36}}],"line":132},"6":{"loc":{"start":{"line":139,"column":3},"end":{"line":141,"column":4}},"type":"if","locations":[{"start":{"line":139,"column":3},"end":{"line":141,"column":4}},{"start":{},"end":{}}],"line":139},"7":{"loc":{"start":{"line":160,"column":1},"end":{"line":160,"column":22}},"type":"default-arg","locations":[{"start":{"line":160,"column":16},"end":{"line":160,"column":22}}],"line":160},"8":{"loc":{"start":{"line":164,"column":12},"end":{"line":164,"column":27}},"type":"binary-expr","locations":[{"start":{"line":164,"column":12},"end":{"line":164,"column":18}},{"start":{"line":164,"column":22},"end":{"line":164,"column":27}}],"line":164},"9":{"loc":{"start":{"line":168,"column":2},"end":{"line":170,"column":3}},"type":"if","locations":[{"start":{"line":168,"column":2},"end":{"line":170,"column":3}},{"start":{},"end":{}}],"line":168},"10":{"loc":{"start":{"line":168,"column":6},"end":{"line":168,"column":34}},"type":"binary-expr","locations":[{"start":{"line":168,"column":6},"end":{"line":168,"column":14}},{"start":{"line":168,"column":18},"end":{"line":168,"column":34}}],"line":168},"11":{"loc":{"start":{"line":171,"column":34},"end":{"line":171,"column":89}},"type":"binary-expr","locations":[{"start":{"line":171,"column":34},"end":{"line":171,"column":49}},{"start":{"line":171,"column":53},"end":{"line":171,"column":89}}],"line":171},"12":{"loc":{"start":{"line":174,"column":2},"end":{"line":175,"column":44}},"type":"if","locations":[{"start":{"line":174,"column":2},"end":{"line":175,"column":44}},{"start":{"line":175,"column":7},"end":{"line":175,"column":44}}],"line":174},"13":{"loc":{"start":{"line":175,"column":7},"end":{"line":175,"column":44}},"type":"if","locations":[{"start":{"line":175,"column":7},"end":{"line":175,"column":44}},{"start":{},"end":{}}],"line":175},"14":{"loc":{"start":{"line":182,"column":1},"end":{"line":193,"column":2}},"type":"switch","locations":[{"start":{"line":183,"column":2},"end":{"line":183,"column":30}},{"start":{"line":184,"column":2},"end":{"line":184,"column":28}},{"start":{"line":185,"column":2},"end":{"line":186,"column":40}},{"start":{"line":187,"column":2},"end":{"line":187,"column":30}},{"start":{"line":188,"column":2},"end":{"line":189,"column":36}},{"start":{"line":190,"column":2},"end":{"line":190,"column":27}},{"start":{"line":191,"column":2},"end":{"line":192,"column":42}}],"line":182},"15":{"loc":{"start":{"line":200,"column":2},"end":{"line":213,"column":3}},"type":"if","locations":[{"start":{"line":200,"column":2},"end":{"line":213,"column":3}},{"start":{},"end":{}}],"line":200},"16":{"loc":{"start":{"line":203,"column":18},"end":{"line":203,"column":45}},"type":"binary-expr","locations":[{"start":{"line":203,"column":18},"end":{"line":203,"column":39}},{"start":{"line":203,"column":43},"end":{"line":203,"column":45}}],"line":203},"17":{"loc":{"start":{"line":203,"column":49},"end":{"line":203,"column":75}},"type":"binary-expr","locations":[{"start":{"line":203,"column":49},"end":{"line":203,"column":69}},{"start":{"line":203,"column":73},"end":{"line":203,"column":75}}],"line":203},"18":{"loc":{"start":{"line":204,"column":16},"end":{"line":204,"column":38}},"type":"binary-expr","locations":[{"start":{"line":204,"column":16},"end":{"line":204,"column":32}},{"start":{"line":204,"column":36},"end":{"line":204,"column":38}}],"line":204},"19":{"loc":{"start":{"line":210,"column":16},"end":{"line":210,"column":38}},"type":"binary-expr","locations":[{"start":{"line":210,"column":16},"end":{"line":210,"column":32}},{"start":{"line":210,"column":36},"end":{"line":210,"column":38}}],"line":210},"20":{"loc":{"start":{"line":211,"column":13},"end":{"line":211,"column":32}},"type":"binary-expr","locations":[{"start":{"line":211,"column":13},"end":{"line":211,"column":26}},{"start":{"line":211,"column":30},"end":{"line":211,"column":32}}],"line":211},"21":{"loc":{"start":{"line":216,"column":31},"end":{"line":216,"column":47}},"type":"binary-expr","locations":[{"start":{"line":216,"column":31},"end":{"line":216,"column":42}},{"start":{"line":216,"column":46},"end":{"line":216,"column":47}}],"line":216},"22":{"loc":{"start":{"line":230,"column":2},"end":{"line":232,"column":3}},"type":"if","locations":[{"start":{"line":230,"column":2},"end":{"line":232,"column":3}},{"start":{},"end":{}}],"line":230},"23":{"loc":{"start":{"line":248,"column":1},"end":{"line":248,"column":14}},"type":"default-arg","locations":[{"start":{"line":248,"column":12},"end":{"line":248,"column":14}}],"line":248},"24":{"loc":{"start":{"line":257,"column":2},"end":{"line":267,"column":3}},"type":"if","locations":[{"start":{"line":257,"column":2},"end":{"line":267,"column":3}},{"start":{"line":265,"column":9},"end":{"line":267,"column":3}}],"line":257},"25":{"loc":{"start":{"line":257,"column":6},"end":{"line":257,"column":48}},"type":"binary-expr","locations":[{"start":{"line":257,"column":6},"end":{"line":257,"column":14}},{"start":{"line":257,"column":18},"end":{"line":257,"column":48}}],"line":257},"26":{"loc":{"start":{"line":271,"column":2},"end":{"line":272,"column":39}},"type":"if","locations":[{"start":{"line":271,"column":2},"end":{"line":272,"column":39}},{"start":{"line":272,"column":7},"end":{"line":272,"column":39}}],"line":271},"27":{"loc":{"start":{"line":272,"column":7},"end":{"line":272,"column":39}},"type":"if","locations":[{"start":{"line":272,"column":7},"end":{"line":272,"column":39}},{"start":{},"end":{}}],"line":272},"28":{"loc":{"start":{"line":279,"column":1},"end":{"line":279,"column":14}},"type":"default-arg","locations":[{"start":{"line":279,"column":12},"end":{"line":279,"column":14}}],"line":279},"29":{"loc":{"start":{"line":288,"column":2},"end":{"line":293,"column":3}},"type":"if","locations":[{"start":{"line":288,"column":2},"end":{"line":293,"column":3}},{"start":{"line":291,"column":9},"end":{"line":293,"column":3}}],"line":288},"30":{"loc":{"start":{"line":288,"column":6},"end":{"line":288,"column":54}},"type":"binary-expr","locations":[{"start":{"line":288,"column":6},"end":{"line":288,"column":14}},{"start":{"line":288,"column":18},"end":{"line":288,"column":54}}],"line":288},"31":{"loc":{"start":{"line":297,"column":2},"end":{"line":298,"column":39}},"type":"if","locations":[{"start":{"line":297,"column":2},"end":{"line":298,"column":39}},{"start":{"line":298,"column":7},"end":{"line":298,"column":39}}],"line":297},"32":{"loc":{"start":{"line":298,"column":7},"end":{"line":298,"column":39}},"type":"if","locations":[{"start":{"line":298,"column":7},"end":{"line":298,"column":39}},{"start":{},"end":{}}],"line":298},"33":{"loc":{"start":{"line":314,"column":2},"end":{"line":318,"column":3}},"type":"if","locations":[{"start":{"line":314,"column":2},"end":{"line":318,"column":3}},{"start":{"line":316,"column":9},"end":{"line":318,"column":3}}],"line":314},"34":{"loc":{"start":{"line":320,"column":2},"end":{"line":327,"column":3}},"type":"if","locations":[{"start":{"line":320,"column":2},"end":{"line":327,"column":3}},{"start":{"line":322,"column":9},"end":{"line":327,"column":3}}],"line":320},"35":{"loc":{"start":{"line":321,"column":38},"end":{"line":321,"column":74}},"type":"binary-expr","locations":[{"start":{"line":321,"column":38},"end":{"line":321,"column":61}},{"start":{"line":321,"column":65},"end":{"line":321,"column":74}}],"line":321}},"s":{"0":1,"1":3,"2":1,"3":3,"4":0,"5":3,"6":2,"7":1,"8":1,"9":0,"10":0,"11":0,"12":0,"13":0,"14":0,"15":0,"16":0,"17":0,"18":0,"19":0,"20":0,"21":0,"22":0,"23":0,"24":0,"25":1,"26":0,"27":0,"28":0,"29":0,"30":0,"31":0,"32":0,"33":0,"34":0,"35":0,"36":0,"37":0,"38":1,"39":0,"40":0,"41":0,"42":0,"43":0,"44":0,"45":0,"46":0,"47":0,"48":0,"49":0,"50":0,"51":0,"52":0,"53":0,"54":0,"55":1,"56":1,"57":2,"58":2,"59":2,"60":2,"61":2,"62":2,"63":2,"64":2,"65":0,"66":2,"67":1,"68":0,"69":0,"70":0,"71":0,"72":0,"73":0,"74":0,"75":0,"76":0,"77":0,"78":0,"79":0,"80":0,"81":0,"82":0,"83":0,"84":0,"85":0,"86":0,"87":0,"88":0,"89":0,"90":0,"91":0,"92":0,"93":0,"94":0,"95":0,"96":0,"97":0,"98":0,"99":0,"100":0,"101":0,"102":0,"103":0,"104":0},"f":{"0":3,"1":3,"2":0,"3":0,"4":0,"5":0,"6":1,"7":2,"8":0,"9":0,"10":0},"b":{"0":[0,3],"1":[2,1],"2":[3,1],"3":[0,0],"4":[0,0],"5":[0,0],"6":[0,0],"7":[0],"8":[0,0],"9":[0,0],"10":[0,0],"11":[0,0],"12":[0,0],"13":[0,0],"14":[0,0,0,0,0,0,0],"15":[2,0],"16":[2,0],"17":[2,0],"18":[2,0],"19":[2,0],"20":[2,0],"21":[2,2],"22":[0,2],"23":[0],"24":[0,0],"25":[0,0],"26":[0,0],"27":[0,0],"28":[0],"29":[0,0],"30":[0,0],"31":[0,0],"32":[0,0],"33":[0,0],"34":[0,0],"35":[0,0]},"_coverageSchema":"1a1c01bbd47fc00a2c39e90264f33305004495a9","hash":"c4289efffb84da5d5e2b0cb1a1ca03e6913bef73"}
,"/Users/ManelisiM/Documents/My Projects/React-Native/auction-market-app/lib/logger.ts": {"path":"/Users/ManelisiM/Documents/My Projects/React-Native/auction-market-app/lib/logger.ts","statementMap":{"0":{"start":{"line":10,"column":24},"end":{"line":10,"column":26}},"1":{"start":{"line":15,"column":2},"end":{"line":17,"column":3}},"2":{"start":{"line":16,"column":3},"end":{"line":16,"column":34}},"3":{"start":{"line":18,"column":2},"end":{"line":18,"column":25}},"4":{"start":{"line":22,"column":2},"end":{"line":22,"column":49}},"5":{"start":{"line":26,"column":2},"end":{"line":26,"column":20}},"6":{"start":{"line":30,"column":2},"end":{"line":30,"column":36}},"7":{"start":{"line":34,"column":2},"end":{"line":34,"column":71}},"8":{"start":{"line":38,"column":2},"end":{"line":38,"column":60}},"9":{"start":{"line":42,"column":2},"end":{"line":42,"column":38}},"10":{"start":{"line":46,"column":2},"end":{"line":46,"column":37}},"11":{"start":{"line":50,"column":2},"end":{"line":50,"column":37}},"12":{"start":{"line":54,"column":2},"end":{"line":54,"column":38}},"13":{"start":{"line":58,"column":2},"end":{"line":58,"column":38}},"14":{"start":{"line":62,"column":19},"end":{"line":68,"column":3}},"15":{"start":{"line":71,"column":2},"end":{"line":90,"column":3}},"16":{"start":{"line":73,"column":4},"end":{"line":73,"column":28}},"17":{"start":{"line":74,"column":4},"end":{"line":74,"column":10}},"18":{"start":{"line":76,"column":4},"end":{"line":76,"column":27}},"19":{"start":{"line":77,"column":4},"end":{"line":77,"column":10}},"20":{"start":{"line":79,"column":4},"end":{"line":79,"column":27}},"21":{"start":{"line":80,"column":4},"end":{"line":80,"column":10}},"22":{"start":{"line":83,"column":4},"end":{"line":85,"column":7}},"23":{"start":{"line":86,"column":4},"end":{"line":86,"column":28}},"24":{"start":{"line":87,"column":4},"end":{"line":87,"column":10}},"25":{"start":{"line":89,"column":4},"end":{"line":89,"column":26}}},"fnMap":{"0":{"name":"(anonymous_0)","decl":{"start":{"line":12,"column":1},"end":{"line":12,"column":2}},"loc":{"start":{"line":12,"column":23},"end":{"line":12,"column":25}},"line":12},"1":{"name":"(anonymous_1)","decl":{"start":{"line":14,"column":1},"end":{"line":14,"column":2}},"loc":{"start":{"line":14,"column":30},"end":{"line":19,"column":2}},"line":14},"2":{"name":"(anonymous_2)","decl":{"start":{"line":21,"column":1},"end":{"line":21,"column":2}},"loc":{"start":{"line":21,"column":26},"end":{"line":23,"column":2}},"line":21},"3":{"name":"(anonymous_3)","decl":{"start":{"line":25,"column":1},"end":{"line":25,"column":2}},"loc":{"start":{"line":25,"column":16},"end":{"line":27,"column":2}},"line":25},"4":{"name":"(anonymous_4)","decl":{"start":{"line":29,"column":1},"end":{"line":29,"column":2}},"loc":{"start":{"line":29,"column":74},"end":{"line":31,"column":2}},"line":29},"5":{"name":"(anonymous_5)","decl":{"start":{"line":33,"column":1},"end":{"line":33,"column":2}},"loc":{"start":{"line":33,"column":47},"end":{"line":35,"column":2}},"line":33},"6":{"name":"(anonymous_6)","decl":{"start":{"line":37,"column":1},"end":{"line":37,"column":2}},"loc":{"start":{"line":37,"column":41},"end":{"line":39,"column":2}},"line":37},"7":{"name":"(anonymous_7)","decl":{"start":{"line":41,"column":1},"end":{"line":41,"column":2}},"loc":{"start":{"line":41,"column":39},"end":{"line":43,"column":2}},"line":41},"8":{"name":"(anonymous_8)","decl":{"start":{"line":45,"column":1},"end":{"line":45,"column":2}},"loc":{"start":{"line":45,"column":38},"end":{"line":47,"column":2}},"line":45},"9":{"name":"(anonymous_9)","decl":{"start":{"line":49,"column":1},"end":{"line":49,"column":2}},"loc":{"start":{"line":49,"column":38},"end":{"line":51,"column":2}},"line":49},"10":{"name":"(anonymous_10)","decl":{"start":{"line":53,"column":1},"end":{"line":53,"column":2}},"loc":{"start":{"line":53,"column":39},"end":{"line":55,"column":2}},"line":53},"11":{"name":"(anonymous_11)","decl":{"start":{"line":57,"column":1},"end":{"line":57,"column":2}},"loc":{"start":{"line":57,"column":39},"end":{"line":59,"column":2}},"line":57},"12":{"name":"(anonymous_12)","decl":{"start":{"line":61,"column":1},"end":{"line":61,"column":2}},"loc":{"start":{"line":61,"column":62},"end":{"line":91,"column":2}},"line":61}},"branchMap":{"0":{"loc":{"start":{"line":15,"column":2},"end":{"line":17,"column":3}},"type":"if","locations":[{"start":{"line":15,"column":2},"end":{"line":17,"column":3}},{"start":{},"end":{}}],"line":15},"1":{"loc":{"start":{"line":29,"column":33},"end":{"line":29,"column":57}},"type":"default-arg","locations":[{"start":{"line":29,"column":51},"end":{"line":29,"column":57}}],"line":29},"2":{"loc":{"start":{"line":71,"column":2},"end":{"line":90,"column":3}},"type":"switch","locations":[{"start":{"line":72,"column":3},"end":{"line":74,"column":10}},{"start":{"line":75,"column":3},"end":{"line":77,"column":10}},{"start":{"line":78,"column":3},"end":{"line":80,"column":10}},{"start":{"line":81,"column":3},"end":{"line":81,"column":16}},{"start":{"line":82,"column":3},"end":{"line":87,"column":10}},{"start":{"line":88,"column":3},"end":{"line":89,"column":26}}],"line":71},"3":{"loc":{"start":{"line":84,"column":18},"end":{"line":84,"column":64}},"type":"binary-expr","locations":[{"start":{"line":84,"column":18},"end":{"line":84,"column":41}},{"start":{"line":84,"column":45},"end":{"line":84,"column":64}}],"line":84}},"s":{"0":0,"1":0,"2":0,"3":0,"4":0,"5":0,"6":0,"7":0,"8":0,"9":0,"10":0,"11":0,"12":0,"13":0,"14":0,"15":0,"16":0,"17":0,"18":0,"19":0,"20":0,"21":0,"22":0,"23":0,"24":0,"25":0},"f":{"0":0,"1":0,"2":0,"3":0,"4":0,"5":0,"6":0,"7":0,"8":0,"9":0,"10":0,"11":0,"12":0},"b":{"0":[0,0],"1":[0],"2":[0,0,0,0,0,0],"3":[0,0]}}
,"/Users/ManelisiM/Documents/My Projects/React-Native/auction-market-app/lib/payfast.ts": {"path":"/Users/ManelisiM/Documents/My Projects/React-Native/auction-market-app/lib/payfast.ts","statementMap":{"0":{"start":{"line":7,"column":1},"end":{"line":30,"column":2}},"1":{"start":{"line":10,"column":20},"end":{"line":10,"column":67}},"2":{"start":{"line":11,"column":2},"end":{"line":23,"column":3}},"3":{"start":{"line":12,"column":3},"end":{"line":20,"column":4}},"4":{"start":{"line":13,"column":4},"end":{"line":17,"column":6}},"5":{"start":{"line":19,"column":4},"end":{"line":19,"column":86}},"6":{"start":{"line":22,"column":3},"end":{"line":22,"column":45}},"7":{"start":{"line":25,"column":2},"end":{"line":29,"column":4}},"8":{"start":{"line":34,"column":1},"end":{"line":34,"column":33}},"9":{"start":{"line":35,"column":1},"end":{"line":46,"column":2}},"10":{"start":{"line":36,"column":2},"end":{"line":36,"column":42}},"11":{"start":{"line":37,"column":26},"end":{"line":37,"column":74}},"12":{"start":{"line":38,"column":2},"end":{"line":38,"column":25}},"13":{"start":{"line":38,"column":13},"end":{"line":38,"column":25}},"14":{"start":{"line":39,"column":2},"end":{"line":39,"column":56}},"15":{"start":{"line":40,"column":2},"end":{"line":40,"column":14}},"16":{"start":{"line":42,"column":2},"end":{"line":42,"column":52}},"17":{"start":{"line":43,"column":2},"end":{"line":45,"column":4}},"18":{"start":{"line":52,"column":16},"end":{"line":52,"column":47}},"19":{"start":{"line":53,"column":19},"end":{"line":53,"column":49}},"20":{"start":{"line":55,"column":1},"end":{"line":62,"column":2}},"21":{"start":{"line":56,"column":14},"end":{"line":58,"column":4}},"22":{"start":{"line":59,"column":2},"end":{"line":59,"column":30}},"23":{"start":{"line":61,"column":2},"end":{"line":61,"column":15}}},"fnMap":{"0":{"name":"ensureTransactionsTable","decl":{"start":{"line":6,"column":22},"end":{"line":6,"column":45}},"loc":{"start":{"line":6,"column":48},"end":{"line":31,"column":1}},"line":6},"1":{"name":"storeTransaction","decl":{"start":{"line":33,"column":22},"end":{"line":33,"column":38}},"loc":{"start":{"line":33,"column":57},"end":{"line":47,"column":1}},"line":33},"2":{"name":"validatePayfastIPN","decl":{"start":{"line":49,"column":22},"end":{"line":49,"column":40}},"loc":{"start":{"line":49,"column":73},"end":{"line":63,"column":1}},"line":49}},"branchMap":{"0":{"loc":{"start":{"line":11,"column":2},"end":{"line":23,"column":3}},"type":"if","locations":[{"start":{"line":11,"column":2},"end":{"line":23,"column":3}},{"start":{"line":21,"column":9},"end":{"line":23,"column":3}}],"line":11},"1":{"loc":{"start":{"line":12,"column":3},"end":{"line":20,"column":4}},"type":"if","locations":[{"start":{"line":12,"column":3},"end":{"line":20,"column":4}},{"start":{"line":18,"column":10},"end":{"line":20,"column":4}}],"line":12},"2":{"loc":{"start":{"line":12,"column":7},"end":{"line":12,"column":81}},"type":"binary-expr","locations":[{"start":{"line":12,"column":7},"end":{"line":12,"column":20}},{"start":{"line":12,"column":24},"end":{"line":12,"column":81}}],"line":12},"3":{"loc":{"start":{"line":28,"column":3},"end":{"line":28,"column":43}},"type":"cond-expr","locations":[{"start":{"line":28,"column":26},"end":{"line":28,"column":37}},{"start":{"line":28,"column":40},"end":{"line":28,"column":43}}],"line":28},"4":{"loc":{"start":{"line":38,"column":2},"end":{"line":38,"column":25}},"type":"if","locations":[{"start":{"line":38,"column":2},"end":{"line":38,"column":25}},{"start":{},"end":{}}],"line":38},"5":{"loc":{"start":{"line":44,"column":37},"end":{"line":44,"column":80}},"type":"cond-expr","locations":[{"start":{"line":44,"column":62},"end":{"line":44,"column":75}},{"start":{"line":44,"column":78},"end":{"line":44,"column":80}}],"line":44}},"s":{"0":0,"1":0,"2":0,"3":0,"4":0,"5":0,"6":0,"7":0,"8":0,"9":0,"10":0,"11":0,"12":0,"13":0,"14":0,"15":0,"16":0,"17":0,"18":0,"19":0,"20":0,"21":0,"22":0,"23":0},"f":{"0":0,"1":0,"2":0},"b":{"0":[0,0],"1":[0,0],"2":[0,0],"3":[0,0],"4":[0,0],"5":[0,0]}}
,"/Users/ManelisiM/Documents/My Projects/React-Native/auction-market-app/lib/types.ts": {"path":"/Users/ManelisiM/Documents/My Projects/React-Native/auction-market-app/lib/types.ts","statementMap":{"0":{"start":{"line":230,"column":26},"end":{"line":236,"column":1}},"1":{"start":{"line":238,"column":22},"end":{"line":244,"column":1}}},"fnMap":{},"branchMap":{},"s":{"0":1,"1":1},"f":{},"b":{},"_coverageSchema":"1a1c01bbd47fc00a2c39e90264f33305004495a9","hash":"48ad372ebc9c969bd11a8795a38d783b4fcee31a"}
,"/Users/ManelisiM/Documents/My Projects/React-Native/auction-market-app/lib/utils.ts": {"path":"/Users/ManelisiM/Documents/My Projects/React-Native/auction-market-app/lib/utils.ts","statementMap":{},"fnMap":{},"branchMap":{},"s":{},"f":{},"b":{}}
}
